[14:32:03:708] [INFO] - org.hibernate.validator.internal.util.Version.<clinit>(Version.java:21) - HV000001: Hibernate Validator 6.0.16.Final
[14:32:03:738] [INFO] - org.springframework.boot.StartupInfoLogger.logStarting(StartupInfoLogger.java:55) - Starting EpidemicManagementApplication using Java 1.8.0_202 on DESKTOP-Q69UUSO with PID 3396 (D:\Users\16975\ideaProjects\epidemic-management\target\classes started by 16975 in D:\Users\16975\ideaProjects\epidemic-management)
[14:32:03:741] [INFO] - org.springframework.boot.SpringApplication.logStartupProfileInfo(SpringApplication.java:640) - No active profile set, falling back to 1 default profile: "default"
[14:32:03:829] [INFO] - org.springframework.boot.logging.DeferredLog.logTo(DeferredLog.java:255) - Devtools property defaults active! Set 'spring.devtools.add-properties' to 'false' to disable
[14:32:03:829] [INFO] - org.springframework.boot.logging.DeferredLog.logTo(DeferredLog.java:255) - For additional web related logging consider setting the 'logging.level.web' property to 'DEBUG'
[14:32:05:560] [INFO] - org.springframework.boot.web.embedded.tomcat.TomcatWebServer.initialize(TomcatWebServer.java:108) - Tomcat initialized with port(s): 8081 (http)
[14:32:05:567] [INFO] - org.apache.juli.logging.DirectJDKLog.log(DirectJDKLog.java:173) - Initializing ProtocolHandler ["http-nio-8081"]
[14:32:05:567] [INFO] - org.apache.juli.logging.DirectJDKLog.log(DirectJDKLog.java:173) - Starting service [Tomcat]
[14:32:05:567] [INFO] - org.apache.juli.logging.DirectJDKLog.log(DirectJDKLog.java:173) - Starting Servlet engine: [Apache Tomcat/9.0.58]
[14:32:05:659] [INFO] - org.apache.juli.logging.DirectJDKLog.log(DirectJDKLog.java:173) - Initializing Spring embedded WebApplicationContext
[14:32:05:659] [INFO] - org.springframework.boot.web.servlet.context.ServletWebServerApplicationContext.prepareWebApplicationContext(ServletWebServerApplicationContext.java:290) - Root WebApplicationContext: initialization completed in 1830 ms
[14:32:06:537] [INFO] - org.springframework.boot.devtools.autoconfigure.OptionalLiveReloadServer.startServer(OptionalLiveReloadServer.java:58) - LiveReload server is running on port 35729
[14:32:06:592] [INFO] - springfox.documentation.spring.web.PropertySourcedRequestMappingHandlerMapping.initHandlerMethods(PropertySourcedRequestMappingHandlerMapping.java:69) - Mapped URL path [/v2/api-docs] onto method [springfox.documentation.swagger2.web.Swagger2Controller#getDocumentation(String, HttpServletRequest)]
[14:32:06:880] [INFO] - org.apache.juli.logging.DirectJDKLog.log(DirectJDKLog.java:173) - Starting ProtocolHandler ["http-nio-8081"]
[14:32:06:892] [INFO] - org.springframework.boot.web.embedded.tomcat.TomcatWebServer.start(TomcatWebServer.java:220) - Tomcat started on port(s): 8081 (http) with context path ''
[14:32:06:893] [INFO] - springfox.documentation.spring.web.plugins.DocumentationPluginsBootstrapper.start(DocumentationPluginsBootstrapper.java:160) - Context refreshed
[14:32:06:924] [INFO] - springfox.documentation.spring.web.plugins.DocumentationPluginsBootstrapper.start(DocumentationPluginsBootstrapper.java:163) - Found 1 custom documentation plugin(s)
[14:32:06:957] [INFO] - springfox.documentation.spring.web.scanners.ApiListingReferenceScanner.scan(ApiListingReferenceScanner.java:41) - Scanning for api listing references
[14:32:07:234] [INFO] - org.springframework.boot.StartupInfoLogger.logStarted(StartupInfoLogger.java:61) - Started EpidemicManagementApplication in 3.928 seconds (JVM running for 5.712)
[14:32:32:804] [INFO] - org.apache.juli.logging.DirectJDKLog.log(DirectJDKLog.java:173) - Initializing Spring DispatcherServlet 'dispatcherServlet'
[14:32:32:804] [INFO] - org.springframework.web.servlet.FrameworkServlet.initServletBean(FrameworkServlet.java:525) - Initializing Servlet 'dispatcherServlet'
[14:32:32:805] [INFO] - org.springframework.web.servlet.FrameworkServlet.initServletBean(FrameworkServlet.java:547) - Completed initialization in 1 ms
[14:33:14:001] [INFO] - com.yago.epidemic_management.filter.WebLogAspect.doBefore(WebLogAspect.java:42) - URl:/login
[14:33:14:001] [INFO] - com.yago.epidemic_management.filter.WebLogAspect.doBefore(WebLogAspect.java:43) - HTTP_METHOD:POST
[14:33:14:002] [INFO] - com.yago.epidemic_management.filter.WebLogAspect.doBefore(WebLogAspect.java:44) - IP:127.0.0.1
[14:33:14:005] [INFO] - com.yago.epidemic_management.filter.WebLogAspect.doBefore(WebLogAspect.java:45) - CLASS_METHOD:com.yago.epidemic_management.controller.UserController.com.yago.epidemic_management.controller.UserController
[14:33:14:006] [INFO] - com.yago.epidemic_management.filter.WebLogAspect.doBefore(WebLogAspect.java:46) - ARGS:[小白, 123456789, org.apache.catalina.session.StandardSessionFacade@9b2dfbd]
[14:33:14:106] [INFO] - com.zaxxer.hikari.HikariDataSource.getConnection(HikariDataSource.java:110) - epidemic_situation - Starting...
[14:33:14:857] [INFO] - com.zaxxer.hikari.HikariDataSource.getConnection(HikariDataSource.java:123) - epidemic_situation - Start completed.
[14:33:15:004] [INFO] - com.yago.epidemic_management.filter.WebLogAspect.doAfterReturning(WebLogAspect.java:53) - RESPONSE:{"status":10000,"msg":"SUCCESS","data":{"userId":4,"username":"小白","password":null,"salt":null,"email":null,"mobile":null,"status":null,"createUserId":null,"createTime":null}}
[14:34:53:240] [INFO] - com.zaxxer.hikari.HikariDataSource.close(HikariDataSource.java:350) - epidemic_situation - Shutdown initiated...
[14:34:53:247] [INFO] - com.zaxxer.hikari.HikariDataSource.close(HikariDataSource.java:352) - epidemic_situation - Shutdown completed.
[14:35:56:847] [INFO] - org.hibernate.validator.internal.util.Version.<clinit>(Version.java:21) - HV000001: Hibernate Validator 6.0.16.Final
[14:35:56:871] [INFO] - org.springframework.boot.StartupInfoLogger.logStarting(StartupInfoLogger.java:55) - Starting EpidemicManagementApplication using Java 1.8.0_202 on DESKTOP-Q69UUSO with PID 9940 (D:\Users\16975\ideaProjects\epidemic-management\target\classes started by 16975 in D:\Users\16975\ideaProjects\epidemic-management)
[14:35:56:874] [INFO] - org.springframework.boot.SpringApplication.logStartupProfileInfo(SpringApplication.java:640) - No active profile set, falling back to 1 default profile: "default"
[14:35:56:936] [INFO] - org.springframework.boot.logging.DeferredLog.logTo(DeferredLog.java:255) - Devtools property defaults active! Set 'spring.devtools.add-properties' to 'false' to disable
[14:35:56:936] [INFO] - org.springframework.boot.logging.DeferredLog.logTo(DeferredLog.java:255) - For additional web related logging consider setting the 'logging.level.web' property to 'DEBUG'
[14:35:58:271] [INFO] - org.springframework.boot.web.embedded.tomcat.TomcatWebServer.initialize(TomcatWebServer.java:108) - Tomcat initialized with port(s): 8081 (http)
[14:35:58:278] [INFO] - org.apache.juli.logging.DirectJDKLog.log(DirectJDKLog.java:173) - Initializing ProtocolHandler ["http-nio-8081"]
[14:35:58:278] [INFO] - org.apache.juli.logging.DirectJDKLog.log(DirectJDKLog.java:173) - Starting service [Tomcat]
[14:35:58:279] [INFO] - org.apache.juli.logging.DirectJDKLog.log(DirectJDKLog.java:173) - Starting Servlet engine: [Apache Tomcat/9.0.58]
[14:35:58:341] [INFO] - org.apache.juli.logging.DirectJDKLog.log(DirectJDKLog.java:173) - Initializing Spring embedded WebApplicationContext
[14:35:58:342] [INFO] - org.springframework.boot.web.servlet.context.ServletWebServerApplicationContext.prepareWebApplicationContext(ServletWebServerApplicationContext.java:290) - Root WebApplicationContext: initialization completed in 1405 ms
[14:35:59:066] [INFO] - org.springframework.boot.devtools.autoconfigure.OptionalLiveReloadServer.startServer(OptionalLiveReloadServer.java:58) - LiveReload server is running on port 35729
[14:35:59:116] [INFO] - springfox.documentation.spring.web.PropertySourcedRequestMappingHandlerMapping.initHandlerMethods(PropertySourcedRequestMappingHandlerMapping.java:69) - Mapped URL path [/v2/api-docs] onto method [springfox.documentation.swagger2.web.Swagger2Controller#getDocumentation(String, HttpServletRequest)]
[14:35:59:366] [INFO] - org.apache.juli.logging.DirectJDKLog.log(DirectJDKLog.java:173) - Starting ProtocolHandler ["http-nio-8081"]
[14:35:59:380] [INFO] - org.springframework.boot.web.embedded.tomcat.TomcatWebServer.start(TomcatWebServer.java:220) - Tomcat started on port(s): 8081 (http) with context path ''
[14:35:59:381] [INFO] - springfox.documentation.spring.web.plugins.DocumentationPluginsBootstrapper.start(DocumentationPluginsBootstrapper.java:160) - Context refreshed
[14:35:59:395] [INFO] - springfox.documentation.spring.web.plugins.DocumentationPluginsBootstrapper.start(DocumentationPluginsBootstrapper.java:163) - Found 1 custom documentation plugin(s)
[14:35:59:422] [INFO] - springfox.documentation.spring.web.scanners.ApiListingReferenceScanner.scan(ApiListingReferenceScanner.java:41) - Scanning for api listing references
[14:35:59:680] [INFO] - org.springframework.boot.StartupInfoLogger.logStarted(StartupInfoLogger.java:61) - Started EpidemicManagementApplication in 3.095 seconds (JVM running for 4.348)
[14:36:03:481] [INFO] - org.apache.juli.logging.DirectJDKLog.log(DirectJDKLog.java:173) - Initializing Spring DispatcherServlet 'dispatcherServlet'
[14:36:03:481] [INFO] - org.springframework.web.servlet.FrameworkServlet.initServletBean(FrameworkServlet.java:525) - Initializing Servlet 'dispatcherServlet'
[14:36:03:482] [INFO] - org.springframework.web.servlet.FrameworkServlet.initServletBean(FrameworkServlet.java:547) - Completed initialization in 1 ms
[14:36:06:957] [INFO] - com.yago.epidemic_management.filter.WebLogAspect.doBefore(WebLogAspect.java:42) - URl:/login
[14:36:06:957] [INFO] - com.yago.epidemic_management.filter.WebLogAspect.doBefore(WebLogAspect.java:43) - HTTP_METHOD:POST
[14:36:06:957] [INFO] - com.yago.epidemic_management.filter.WebLogAspect.doBefore(WebLogAspect.java:44) - IP:127.0.0.1
[14:36:06:958] [INFO] - com.yago.epidemic_management.filter.WebLogAspect.doBefore(WebLogAspect.java:45) - CLASS_METHOD:com.yago.epidemic_management.controller.UserController.com.yago.epidemic_management.controller.UserController
[14:36:06:958] [INFO] - com.yago.epidemic_management.filter.WebLogAspect.doBefore(WebLogAspect.java:46) - ARGS:[小白, 123456789, org.apache.catalina.session.StandardSessionFacade@6d58ccf1]
[14:36:06:989] [INFO] - com.zaxxer.hikari.HikariDataSource.getConnection(HikariDataSource.java:110) - epidemic_situation - Starting...
[14:36:07:431] [INFO] - com.zaxxer.hikari.HikariDataSource.getConnection(HikariDataSource.java:123) - epidemic_situation - Start completed.
[14:36:07:503] [INFO] - com.yago.epidemic_management.filter.WebLogAspect.doAfterReturning(WebLogAspect.java:53) - RESPONSE:{"status":10000,"msg":"SUCCESS","data":{"userId":4,"username":"小白","password":null,"salt":null,"email":null,"mobile":null,"status":null,"createUserId":null,"createTime":null}}
[14:36:24:332] [INFO] - com.zaxxer.hikari.HikariDataSource.close(HikariDataSource.java:350) - epidemic_situation - Shutdown initiated...
[14:36:24:340] [INFO] - com.zaxxer.hikari.HikariDataSource.close(HikariDataSource.java:352) - epidemic_situation - Shutdown completed.
[14:37:38:020] [INFO] - org.hibernate.validator.internal.util.Version.<clinit>(Version.java:21) - HV000001: Hibernate Validator 6.0.16.Final
[14:37:38:045] [INFO] - org.springframework.boot.StartupInfoLogger.logStarting(StartupInfoLogger.java:55) - Starting EpidemicManagementApplication using Java 1.8.0_202 on DESKTOP-Q69UUSO with PID 5424 (D:\Users\16975\ideaProjects\epidemic-management\target\classes started by 16975 in D:\Users\16975\ideaProjects\epidemic-management)
[14:37:38:047] [INFO] - org.springframework.boot.SpringApplication.logStartupProfileInfo(SpringApplication.java:640) - No active profile set, falling back to 1 default profile: "default"
[14:37:38:108] [INFO] - org.springframework.boot.logging.DeferredLog.logTo(DeferredLog.java:255) - Devtools property defaults active! Set 'spring.devtools.add-properties' to 'false' to disable
[14:37:38:108] [INFO] - org.springframework.boot.logging.DeferredLog.logTo(DeferredLog.java:255) - For additional web related logging consider setting the 'logging.level.web' property to 'DEBUG'
[14:37:39:391] [INFO] - org.springframework.boot.web.embedded.tomcat.TomcatWebServer.initialize(TomcatWebServer.java:108) - Tomcat initialized with port(s): 8081 (http)
[14:37:39:398] [INFO] - org.apache.juli.logging.DirectJDKLog.log(DirectJDKLog.java:173) - Initializing ProtocolHandler ["http-nio-8081"]
[14:37:39:399] [INFO] - org.apache.juli.logging.DirectJDKLog.log(DirectJDKLog.java:173) - Starting service [Tomcat]
[14:37:39:399] [INFO] - org.apache.juli.logging.DirectJDKLog.log(DirectJDKLog.java:173) - Starting Servlet engine: [Apache Tomcat/9.0.58]
[14:37:39:462] [INFO] - org.apache.juli.logging.DirectJDKLog.log(DirectJDKLog.java:173) - Initializing Spring embedded WebApplicationContext
[14:37:39:462] [INFO] - org.springframework.boot.web.servlet.context.ServletWebServerApplicationContext.prepareWebApplicationContext(ServletWebServerApplicationContext.java:290) - Root WebApplicationContext: initialization completed in 1353 ms
[14:37:40:177] [INFO] - org.springframework.boot.devtools.autoconfigure.OptionalLiveReloadServer.startServer(OptionalLiveReloadServer.java:58) - LiveReload server is running on port 35729
[14:37:40:228] [INFO] - springfox.documentation.spring.web.PropertySourcedRequestMappingHandlerMapping.initHandlerMethods(PropertySourcedRequestMappingHandlerMapping.java:69) - Mapped URL path [/v2/api-docs] onto method [springfox.documentation.swagger2.web.Swagger2Controller#getDocumentation(String, HttpServletRequest)]
[14:37:40:489] [INFO] - org.apache.juli.logging.DirectJDKLog.log(DirectJDKLog.java:173) - Starting ProtocolHandler ["http-nio-8081"]
[14:37:40:510] [INFO] - org.springframework.boot.web.embedded.tomcat.TomcatWebServer.start(TomcatWebServer.java:220) - Tomcat started on port(s): 8081 (http) with context path ''
[14:37:40:511] [INFO] - springfox.documentation.spring.web.plugins.DocumentationPluginsBootstrapper.start(DocumentationPluginsBootstrapper.java:160) - Context refreshed
[14:37:40:544] [INFO] - springfox.documentation.spring.web.plugins.DocumentationPluginsBootstrapper.start(DocumentationPluginsBootstrapper.java:163) - Found 1 custom documentation plugin(s)
[14:37:40:589] [INFO] - springfox.documentation.spring.web.scanners.ApiListingReferenceScanner.scan(ApiListingReferenceScanner.java:41) - Scanning for api listing references
[14:37:40:944] [INFO] - org.springframework.boot.StartupInfoLogger.logStarted(StartupInfoLogger.java:61) - Started EpidemicManagementApplication in 3.183 seconds (JVM running for 4.753)
[14:37:46:496] [INFO] - org.apache.juli.logging.DirectJDKLog.log(DirectJDKLog.java:173) - Initializing Spring DispatcherServlet 'dispatcherServlet'
[14:37:46:496] [INFO] - org.springframework.web.servlet.FrameworkServlet.initServletBean(FrameworkServlet.java:525) - Initializing Servlet 'dispatcherServlet'
[14:37:46:497] [INFO] - org.springframework.web.servlet.FrameworkServlet.initServletBean(FrameworkServlet.java:547) - Completed initialization in 1 ms
[14:37:48:761] [INFO] - com.yago.epidemic_management.filter.WebLogAspect.doBefore(WebLogAspect.java:42) - URl:/login
[14:37:48:762] [INFO] - com.yago.epidemic_management.filter.WebLogAspect.doBefore(WebLogAspect.java:43) - HTTP_METHOD:POST
[14:37:48:762] [INFO] - com.yago.epidemic_management.filter.WebLogAspect.doBefore(WebLogAspect.java:44) - IP:127.0.0.1
[14:37:48:765] [INFO] - com.yago.epidemic_management.filter.WebLogAspect.doBefore(WebLogAspect.java:45) - CLASS_METHOD:com.yago.epidemic_management.controller.UserController.com.yago.epidemic_management.controller.UserController
[14:37:48:765] [INFO] - com.yago.epidemic_management.filter.WebLogAspect.doBefore(WebLogAspect.java:46) - ARGS:[小白, 123456789, org.apache.catalina.session.StandardSessionFacade@41468983]
[14:37:48:836] [INFO] - com.zaxxer.hikari.HikariDataSource.getConnection(HikariDataSource.java:110) - epidemic_situation - Starting...
[14:37:49:501] [INFO] - com.zaxxer.hikari.HikariDataSource.getConnection(HikariDataSource.java:123) - epidemic_situation - Start completed.
[14:37:49:612] [INFO] - com.yago.epidemic_management.filter.WebLogAspect.doAfterReturning(WebLogAspect.java:53) - RESPONSE:{"status":10000,"msg":"SUCCESS","data":{"userId":4,"username":"小白","password":null,"salt":null,"email":null,"mobile":null,"status":null,"createUserId":null,"createTime":null}}
[14:38:21:684] [INFO] - com.zaxxer.hikari.HikariDataSource.close(HikariDataSource.java:350) - epidemic_situation - Shutdown initiated...
[14:38:21:691] [INFO] - com.zaxxer.hikari.HikariDataSource.close(HikariDataSource.java:352) - epidemic_situation - Shutdown completed.
[14:39:06:977] [INFO] - org.hibernate.validator.internal.util.Version.<clinit>(Version.java:21) - HV000001: Hibernate Validator 6.0.16.Final
[14:39:07:004] [INFO] - org.springframework.boot.StartupInfoLogger.logStarting(StartupInfoLogger.java:55) - Starting EpidemicManagementApplication using Java 1.8.0_202 on DESKTOP-Q69UUSO with PID 6524 (D:\Users\16975\ideaProjects\epidemic-management\target\classes started by 16975 in D:\Users\16975\ideaProjects\epidemic-management)
[14:39:07:007] [INFO] - org.springframework.boot.SpringApplication.logStartupProfileInfo(SpringApplication.java:640) - No active profile set, falling back to 1 default profile: "default"
[14:39:07:061] [INFO] - org.springframework.boot.logging.DeferredLog.logTo(DeferredLog.java:255) - Devtools property defaults active! Set 'spring.devtools.add-properties' to 'false' to disable
[14:39:07:061] [INFO] - org.springframework.boot.logging.DeferredLog.logTo(DeferredLog.java:255) - For additional web related logging consider setting the 'logging.level.web' property to 'DEBUG'
[14:39:08:365] [INFO] - org.springframework.boot.web.embedded.tomcat.TomcatWebServer.initialize(TomcatWebServer.java:108) - Tomcat initialized with port(s): 8081 (http)
[14:39:08:372] [INFO] - org.apache.juli.logging.DirectJDKLog.log(DirectJDKLog.java:173) - Initializing ProtocolHandler ["http-nio-8081"]
[14:39:08:372] [INFO] - org.apache.juli.logging.DirectJDKLog.log(DirectJDKLog.java:173) - Starting service [Tomcat]
[14:39:08:372] [INFO] - org.apache.juli.logging.DirectJDKLog.log(DirectJDKLog.java:173) - Starting Servlet engine: [Apache Tomcat/9.0.58]
[14:39:08:435] [INFO] - org.apache.juli.logging.DirectJDKLog.log(DirectJDKLog.java:173) - Initializing Spring embedded WebApplicationContext
[14:39:08:436] [INFO] - org.springframework.boot.web.servlet.context.ServletWebServerApplicationContext.prepareWebApplicationContext(ServletWebServerApplicationContext.java:290) - Root WebApplicationContext: initialization completed in 1374 ms
[14:39:09:120] [INFO] - org.springframework.boot.devtools.autoconfigure.OptionalLiveReloadServer.startServer(OptionalLiveReloadServer.java:58) - LiveReload server is running on port 35729
[14:39:09:184] [INFO] - springfox.documentation.spring.web.PropertySourcedRequestMappingHandlerMapping.initHandlerMethods(PropertySourcedRequestMappingHandlerMapping.java:69) - Mapped URL path [/v2/api-docs] onto method [springfox.documentation.swagger2.web.Swagger2Controller#getDocumentation(String, HttpServletRequest)]
[14:39:09:469] [INFO] - org.apache.juli.logging.DirectJDKLog.log(DirectJDKLog.java:173) - Starting ProtocolHandler ["http-nio-8081"]
[14:39:09:499] [INFO] - org.springframework.boot.web.embedded.tomcat.TomcatWebServer.start(TomcatWebServer.java:220) - Tomcat started on port(s): 8081 (http) with context path ''
[14:39:09:500] [INFO] - springfox.documentation.spring.web.plugins.DocumentationPluginsBootstrapper.start(DocumentationPluginsBootstrapper.java:160) - Context refreshed
[14:39:09:515] [INFO] - springfox.documentation.spring.web.plugins.DocumentationPluginsBootstrapper.start(DocumentationPluginsBootstrapper.java:163) - Found 1 custom documentation plugin(s)
[14:39:09:556] [INFO] - springfox.documentation.spring.web.scanners.ApiListingReferenceScanner.scan(ApiListingReferenceScanner.java:41) - Scanning for api listing references
[14:39:10:007] [INFO] - org.springframework.boot.StartupInfoLogger.logStarted(StartupInfoLogger.java:61) - Started EpidemicManagementApplication in 3.282 seconds (JVM running for 4.623)
[14:39:18:139] [INFO] - org.apache.juli.logging.DirectJDKLog.log(DirectJDKLog.java:173) - Initializing Spring DispatcherServlet 'dispatcherServlet'
[14:39:18:139] [INFO] - org.springframework.web.servlet.FrameworkServlet.initServletBean(FrameworkServlet.java:525) - Initializing Servlet 'dispatcherServlet'
[14:39:18:140] [INFO] - org.springframework.web.servlet.FrameworkServlet.initServletBean(FrameworkServlet.java:547) - Completed initialization in 1 ms
[14:39:21:071] [INFO] - com.yago.epidemic_management.filter.WebLogAspect.doBefore(WebLogAspect.java:42) - URl:/login
[14:39:21:071] [INFO] - com.yago.epidemic_management.filter.WebLogAspect.doBefore(WebLogAspect.java:43) - HTTP_METHOD:POST
[14:39:21:071] [INFO] - com.yago.epidemic_management.filter.WebLogAspect.doBefore(WebLogAspect.java:44) - IP:127.0.0.1
[14:39:21:073] [INFO] - com.yago.epidemic_management.filter.WebLogAspect.doBefore(WebLogAspect.java:45) - CLASS_METHOD:com.yago.epidemic_management.controller.UserController.com.yago.epidemic_management.controller.UserController
[14:39:21:074] [INFO] - com.yago.epidemic_management.filter.WebLogAspect.doBefore(WebLogAspect.java:46) - ARGS:[小白, 123456789, org.apache.catalina.session.StandardSessionFacade@6cd2bc9f]
[14:39:21:126] [INFO] - com.zaxxer.hikari.HikariDataSource.getConnection(HikariDataSource.java:110) - epidemic_situation - Starting...
[14:39:21:783] [INFO] - com.zaxxer.hikari.HikariDataSource.getConnection(HikariDataSource.java:123) - epidemic_situation - Start completed.
[14:39:21:888] [INFO] - com.yago.epidemic_management.filter.WebLogAspect.doAfterReturning(WebLogAspect.java:53) - RESPONSE:{"status":10000,"msg":"SUCCESS","data":{"userId":4,"username":"小白","password":null,"salt":null,"email":null,"mobile":null,"status":null,"createUserId":null,"createTime":null}}
[14:40:03:871] [INFO] - com.zaxxer.hikari.HikariDataSource.close(HikariDataSource.java:350) - epidemic_situation - Shutdown initiated...
[14:40:03:878] [INFO] - com.zaxxer.hikari.HikariDataSource.close(HikariDataSource.java:352) - epidemic_situation - Shutdown completed.
[14:42:36:745] [INFO] - org.hibernate.validator.internal.util.Version.<clinit>(Version.java:21) - HV000001: Hibernate Validator 6.0.16.Final
[14:42:36:769] [INFO] - org.springframework.boot.StartupInfoLogger.logStarting(StartupInfoLogger.java:55) - Starting EpidemicManagementApplication using Java 1.8.0_202 on DESKTOP-Q69UUSO with PID 7660 (D:\Users\16975\ideaProjects\epidemic-management\target\classes started by 16975 in D:\Users\16975\ideaProjects\epidemic-management)
[14:42:36:772] [INFO] - org.springframework.boot.SpringApplication.logStartupProfileInfo(SpringApplication.java:640) - No active profile set, falling back to 1 default profile: "default"
[14:42:36:839] [INFO] - org.springframework.boot.logging.DeferredLog.logTo(DeferredLog.java:255) - Devtools property defaults active! Set 'spring.devtools.add-properties' to 'false' to disable
[14:42:36:839] [INFO] - org.springframework.boot.logging.DeferredLog.logTo(DeferredLog.java:255) - For additional web related logging consider setting the 'logging.level.web' property to 'DEBUG'
[14:42:38:233] [INFO] - org.springframework.boot.web.embedded.tomcat.TomcatWebServer.initialize(TomcatWebServer.java:108) - Tomcat initialized with port(s): 8081 (http)
[14:42:38:239] [INFO] - org.apache.juli.logging.DirectJDKLog.log(DirectJDKLog.java:173) - Initializing ProtocolHandler ["http-nio-8081"]
[14:42:38:240] [INFO] - org.apache.juli.logging.DirectJDKLog.log(DirectJDKLog.java:173) - Starting service [Tomcat]
[14:42:38:240] [INFO] - org.apache.juli.logging.DirectJDKLog.log(DirectJDKLog.java:173) - Starting Servlet engine: [Apache Tomcat/9.0.58]
[14:42:38:302] [INFO] - org.apache.juli.logging.DirectJDKLog.log(DirectJDKLog.java:173) - Initializing Spring embedded WebApplicationContext
[14:42:38:302] [INFO] - org.springframework.boot.web.servlet.context.ServletWebServerApplicationContext.prepareWebApplicationContext(ServletWebServerApplicationContext.java:290) - Root WebApplicationContext: initialization completed in 1462 ms
[14:42:39:900] [INFO] - org.springframework.boot.devtools.autoconfigure.OptionalLiveReloadServer.startServer(OptionalLiveReloadServer.java:58) - LiveReload server is running on port 35729
[14:42:39:997] [INFO] - springfox.documentation.spring.web.PropertySourcedRequestMappingHandlerMapping.initHandlerMethods(PropertySourcedRequestMappingHandlerMapping.java:69) - Mapped URL path [/v2/api-docs] onto method [springfox.documentation.swagger2.web.Swagger2Controller#getDocumentation(String, HttpServletRequest)]
[14:42:40:340] [INFO] - org.apache.juli.logging.DirectJDKLog.log(DirectJDKLog.java:173) - Starting ProtocolHandler ["http-nio-8081"]
[14:42:40:373] [INFO] - org.springframework.boot.web.embedded.tomcat.TomcatWebServer.start(TomcatWebServer.java:220) - Tomcat started on port(s): 8081 (http) with context path ''
[14:42:40:375] [INFO] - springfox.documentation.spring.web.plugins.DocumentationPluginsBootstrapper.start(DocumentationPluginsBootstrapper.java:160) - Context refreshed
[14:42:40:398] [INFO] - springfox.documentation.spring.web.plugins.DocumentationPluginsBootstrapper.start(DocumentationPluginsBootstrapper.java:163) - Found 1 custom documentation plugin(s)
[14:42:40:468] [INFO] - springfox.documentation.spring.web.scanners.ApiListingReferenceScanner.scan(ApiListingReferenceScanner.java:41) - Scanning for api listing references
[14:42:40:834] [INFO] - org.springframework.boot.StartupInfoLogger.logStarted(StartupInfoLogger.java:61) - Started EpidemicManagementApplication in 4.332 seconds (JVM running for 5.81)
[14:42:50:933] [INFO] - org.apache.juli.logging.DirectJDKLog.log(DirectJDKLog.java:173) - Initializing Spring DispatcherServlet 'dispatcherServlet'
[14:42:50:933] [INFO] - org.springframework.web.servlet.FrameworkServlet.initServletBean(FrameworkServlet.java:525) - Initializing Servlet 'dispatcherServlet'
[14:42:50:935] [INFO] - org.springframework.web.servlet.FrameworkServlet.initServletBean(FrameworkServlet.java:547) - Completed initialization in 1 ms
[14:42:50:981] [INFO] - com.yago.epidemic_management.filter.WebLogAspect.doBefore(WebLogAspect.java:42) - URl:/login
[14:42:50:981] [INFO] - com.yago.epidemic_management.filter.WebLogAspect.doBefore(WebLogAspect.java:43) - HTTP_METHOD:POST
[14:42:50:981] [INFO] - com.yago.epidemic_management.filter.WebLogAspect.doBefore(WebLogAspect.java:44) - IP:127.0.0.1
[14:42:50:983] [INFO] - com.yago.epidemic_management.filter.WebLogAspect.doBefore(WebLogAspect.java:45) - CLASS_METHOD:com.yago.epidemic_management.controller.UserController.com.yago.epidemic_management.controller.UserController
[14:42:50:983] [INFO] - com.yago.epidemic_management.filter.WebLogAspect.doBefore(WebLogAspect.java:46) - ARGS:[小白, 123456789, org.apache.catalina.session.StandardSessionFacade@73439d7f]
[14:42:51:031] [INFO] - com.zaxxer.hikari.HikariDataSource.getConnection(HikariDataSource.java:110) - epidemic_situation - Starting...
[14:42:51:679] [INFO] - com.zaxxer.hikari.HikariDataSource.getConnection(HikariDataSource.java:123) - epidemic_situation - Start completed.
[14:42:51:788] [INFO] - com.yago.epidemic_management.filter.WebLogAspect.doAfterReturning(WebLogAspect.java:53) - RESPONSE:{"status":10000,"msg":"SUCCESS","data":{"userId":4,"username":"小白","password":null,"salt":null,"email":null,"mobile":null,"status":null,"createUserId":null,"createTime":null}}
[14:43:50:945] [INFO] - com.zaxxer.hikari.HikariDataSource.close(HikariDataSource.java:350) - epidemic_situation - Shutdown initiated...
[14:43:50:952] [INFO] - com.zaxxer.hikari.HikariDataSource.close(HikariDataSource.java:352) - epidemic_situation - Shutdown completed.
[14:45:08:412] [INFO] - org.hibernate.validator.internal.util.Version.<clinit>(Version.java:21) - HV000001: Hibernate Validator 6.0.16.Final
[14:45:08:437] [INFO] - org.springframework.boot.StartupInfoLogger.logStarting(StartupInfoLogger.java:55) - Starting EpidemicManagementApplication using Java 1.8.0_202 on DESKTOP-Q69UUSO with PID 10448 (D:\Users\16975\ideaProjects\epidemic-management\target\classes started by 16975 in D:\Users\16975\ideaProjects\epidemic-management)
[14:45:08:440] [INFO] - org.springframework.boot.SpringApplication.logStartupProfileInfo(SpringApplication.java:640) - No active profile set, falling back to 1 default profile: "default"
[14:45:08:511] [INFO] - org.springframework.boot.logging.DeferredLog.logTo(DeferredLog.java:255) - Devtools property defaults active! Set 'spring.devtools.add-properties' to 'false' to disable
[14:45:08:511] [INFO] - org.springframework.boot.logging.DeferredLog.logTo(DeferredLog.java:255) - For additional web related logging consider setting the 'logging.level.web' property to 'DEBUG'
[14:45:09:828] [INFO] - org.springframework.boot.web.embedded.tomcat.TomcatWebServer.initialize(TomcatWebServer.java:108) - Tomcat initialized with port(s): 8081 (http)
[14:45:09:837] [INFO] - org.apache.juli.logging.DirectJDKLog.log(DirectJDKLog.java:173) - Initializing ProtocolHandler ["http-nio-8081"]
[14:45:09:838] [INFO] - org.apache.juli.logging.DirectJDKLog.log(DirectJDKLog.java:173) - Starting service [Tomcat]
[14:45:09:838] [INFO] - org.apache.juli.logging.DirectJDKLog.log(DirectJDKLog.java:173) - Starting Servlet engine: [Apache Tomcat/9.0.58]
[14:45:09:906] [INFO] - org.apache.juli.logging.DirectJDKLog.log(DirectJDKLog.java:173) - Initializing Spring embedded WebApplicationContext
[14:45:09:907] [INFO] - org.springframework.boot.web.servlet.context.ServletWebServerApplicationContext.prepareWebApplicationContext(ServletWebServerApplicationContext.java:290) - Root WebApplicationContext: initialization completed in 1396 ms
[14:45:10:600] [INFO] - org.springframework.boot.devtools.autoconfigure.OptionalLiveReloadServer.startServer(OptionalLiveReloadServer.java:58) - LiveReload server is running on port 35729
[14:45:10:654] [INFO] - springfox.documentation.spring.web.PropertySourcedRequestMappingHandlerMapping.initHandlerMethods(PropertySourcedRequestMappingHandlerMapping.java:69) - Mapped URL path [/v2/api-docs] onto method [springfox.documentation.swagger2.web.Swagger2Controller#getDocumentation(String, HttpServletRequest)]
[14:45:10:926] [INFO] - org.apache.juli.logging.DirectJDKLog.log(DirectJDKLog.java:173) - Starting ProtocolHandler ["http-nio-8081"]
[14:45:10:940] [INFO] - org.springframework.boot.web.embedded.tomcat.TomcatWebServer.start(TomcatWebServer.java:220) - Tomcat started on port(s): 8081 (http) with context path ''
[14:45:10:941] [INFO] - springfox.documentation.spring.web.plugins.DocumentationPluginsBootstrapper.start(DocumentationPluginsBootstrapper.java:160) - Context refreshed
[14:45:10:954] [INFO] - springfox.documentation.spring.web.plugins.DocumentationPluginsBootstrapper.start(DocumentationPluginsBootstrapper.java:163) - Found 1 custom documentation plugin(s)
[14:45:10:979] [INFO] - springfox.documentation.spring.web.scanners.ApiListingReferenceScanner.scan(ApiListingReferenceScanner.java:41) - Scanning for api listing references
[14:45:11:215] [INFO] - org.springframework.boot.StartupInfoLogger.logStarted(StartupInfoLogger.java:61) - Started EpidemicManagementApplication in 3.052 seconds (JVM running for 4.632)
[14:45:36:444] [INFO] - org.apache.juli.logging.DirectJDKLog.log(DirectJDKLog.java:173) - Initializing Spring DispatcherServlet 'dispatcherServlet'
[14:45:36:444] [INFO] - org.springframework.web.servlet.FrameworkServlet.initServletBean(FrameworkServlet.java:525) - Initializing Servlet 'dispatcherServlet'
[14:45:36:446] [INFO] - org.springframework.web.servlet.FrameworkServlet.initServletBean(FrameworkServlet.java:547) - Completed initialization in 2 ms
[14:45:43:097] [INFO] - com.yago.epidemic_management.filter.WebLogAspect.doBefore(WebLogAspect.java:42) - URl:/login
[14:45:43:097] [INFO] - com.yago.epidemic_management.filter.WebLogAspect.doBefore(WebLogAspect.java:43) - HTTP_METHOD:POST
[14:45:43:098] [INFO] - com.yago.epidemic_management.filter.WebLogAspect.doBefore(WebLogAspect.java:44) - IP:127.0.0.1
[14:45:43:099] [INFO] - com.yago.epidemic_management.filter.WebLogAspect.doBefore(WebLogAspect.java:45) - CLASS_METHOD:com.yago.epidemic_management.controller.UserController.com.yago.epidemic_management.controller.UserController
[14:45:43:099] [INFO] - com.yago.epidemic_management.filter.WebLogAspect.doBefore(WebLogAspect.java:46) - ARGS:[小白, 123456789, org.apache.catalina.session.StandardSessionFacade@409f1597]
[14:45:43:131] [INFO] - com.zaxxer.hikari.HikariDataSource.getConnection(HikariDataSource.java:110) - epidemic_situation - Starting...
[14:45:43:572] [INFO] - com.zaxxer.hikari.HikariDataSource.getConnection(HikariDataSource.java:123) - epidemic_situation - Start completed.
[14:45:43:640] [INFO] - com.yago.epidemic_management.filter.WebLogAspect.doAfterReturning(WebLogAspect.java:53) - RESPONSE:{"status":10000,"msg":"SUCCESS","data":{"userId":4,"username":"小白","password":null,"salt":null,"email":null,"mobile":null,"status":null,"createUserId":null,"createTime":null}}
[14:46:00:099] [WARN] - org.springframework.web.servlet.handler.AbstractHandlerExceptionResolver.logException(AbstractHandlerExceptionResolver.java:208) - Resolved [org.springframework.web.HttpRequestMethodNotSupportedException: Request method 'POST' not supported]
[14:46:12:858] [INFO] - com.yago.epidemic_management.filter.WebLogAspect.doBefore(WebLogAspect.java:42) - URl:/test
[14:46:12:858] [INFO] - com.yago.epidemic_management.filter.WebLogAspect.doBefore(WebLogAspect.java:43) - HTTP_METHOD:GET
[14:46:12:858] [INFO] - com.yago.epidemic_management.filter.WebLogAspect.doBefore(WebLogAspect.java:44) - IP:127.0.0.1
[14:46:12:858] [INFO] - com.yago.epidemic_management.filter.WebLogAspect.doBefore(WebLogAspect.java:45) - CLASS_METHOD:com.yago.epidemic_management.controller.UserController.com.yago.epidemic_management.controller.UserController
[14:46:12:858] [INFO] - com.yago.epidemic_management.filter.WebLogAspect.doBefore(WebLogAspect.java:46) - ARGS:[]
[14:46:12:862] [INFO] - com.yago.epidemic_management.filter.WebLogAspect.doAfterReturning(WebLogAspect.java:53) - RESPONSE:null
[14:47:51:395] [INFO] - com.zaxxer.hikari.HikariDataSource.close(HikariDataSource.java:350) - epidemic_situation - Shutdown initiated...
[14:47:51:401] [INFO] - com.zaxxer.hikari.HikariDataSource.close(HikariDataSource.java:352) - epidemic_situation - Shutdown completed.
[14:47:58:698] [INFO] - org.hibernate.validator.internal.util.Version.<clinit>(Version.java:21) - HV000001: Hibernate Validator 6.0.16.Final
[14:47:58:722] [INFO] - org.springframework.boot.StartupInfoLogger.logStarting(StartupInfoLogger.java:55) - Starting EpidemicManagementApplication using Java 1.8.0_202 on DESKTOP-Q69UUSO with PID 14748 (D:\Users\16975\ideaProjects\epidemic-management\target\classes started by 16975 in D:\Users\16975\ideaProjects\epidemic-management)
[14:47:58:725] [INFO] - org.springframework.boot.SpringApplication.logStartupProfileInfo(SpringApplication.java:640) - No active profile set, falling back to 1 default profile: "default"
[14:47:58:790] [INFO] - org.springframework.boot.logging.DeferredLog.logTo(DeferredLog.java:255) - Devtools property defaults active! Set 'spring.devtools.add-properties' to 'false' to disable
[14:47:58:790] [INFO] - org.springframework.boot.logging.DeferredLog.logTo(DeferredLog.java:255) - For additional web related logging consider setting the 'logging.level.web' property to 'DEBUG'
[14:48:00:063] [INFO] - org.springframework.boot.web.embedded.tomcat.TomcatWebServer.initialize(TomcatWebServer.java:108) - Tomcat initialized with port(s): 8081 (http)
[14:48:00:070] [INFO] - org.apache.juli.logging.DirectJDKLog.log(DirectJDKLog.java:173) - Initializing ProtocolHandler ["http-nio-8081"]
[14:48:00:070] [INFO] - org.apache.juli.logging.DirectJDKLog.log(DirectJDKLog.java:173) - Starting service [Tomcat]
[14:48:00:071] [INFO] - org.apache.juli.logging.DirectJDKLog.log(DirectJDKLog.java:173) - Starting Servlet engine: [Apache Tomcat/9.0.58]
[14:48:00:132] [INFO] - org.apache.juli.logging.DirectJDKLog.log(DirectJDKLog.java:173) - Initializing Spring embedded WebApplicationContext
[14:48:00:132] [INFO] - org.springframework.boot.web.servlet.context.ServletWebServerApplicationContext.prepareWebApplicationContext(ServletWebServerApplicationContext.java:290) - Root WebApplicationContext: initialization completed in 1342 ms
[14:48:00:873] [INFO] - org.springframework.boot.devtools.autoconfigure.OptionalLiveReloadServer.startServer(OptionalLiveReloadServer.java:58) - LiveReload server is running on port 35729
[14:48:00:944] [INFO] - springfox.documentation.spring.web.PropertySourcedRequestMappingHandlerMapping.initHandlerMethods(PropertySourcedRequestMappingHandlerMapping.java:69) - Mapped URL path [/v2/api-docs] onto method [springfox.documentation.swagger2.web.Swagger2Controller#getDocumentation(String, HttpServletRequest)]
[14:48:01:340] [INFO] - org.apache.juli.logging.DirectJDKLog.log(DirectJDKLog.java:173) - Starting ProtocolHandler ["http-nio-8081"]
[14:48:01:362] [INFO] - org.springframework.boot.web.embedded.tomcat.TomcatWebServer.start(TomcatWebServer.java:220) - Tomcat started on port(s): 8081 (http) with context path ''
[14:48:01:363] [INFO] - springfox.documentation.spring.web.plugins.DocumentationPluginsBootstrapper.start(DocumentationPluginsBootstrapper.java:160) - Context refreshed
[14:48:01:384] [INFO] - springfox.documentation.spring.web.plugins.DocumentationPluginsBootstrapper.start(DocumentationPluginsBootstrapper.java:163) - Found 1 custom documentation plugin(s)
[14:48:01:424] [INFO] - springfox.documentation.spring.web.scanners.ApiListingReferenceScanner.scan(ApiListingReferenceScanner.java:41) - Scanning for api listing references
[14:48:01:690] [INFO] - org.springframework.boot.StartupInfoLogger.logStarted(StartupInfoLogger.java:61) - Started EpidemicManagementApplication in 3.264 seconds (JVM running for 4.479)
[14:48:03:932] [INFO] - org.apache.juli.logging.DirectJDKLog.log(DirectJDKLog.java:173) - Initializing Spring DispatcherServlet 'dispatcherServlet'
[14:48:03:932] [INFO] - org.springframework.web.servlet.FrameworkServlet.initServletBean(FrameworkServlet.java:525) - Initializing Servlet 'dispatcherServlet'
[14:48:03:934] [INFO] - org.springframework.web.servlet.FrameworkServlet.initServletBean(FrameworkServlet.java:547) - Completed initialization in 2 ms
[14:48:07:338] [INFO] - com.yago.epidemic_management.filter.WebLogAspect.doBefore(WebLogAspect.java:42) - URl:/login
[14:48:07:338] [INFO] - com.yago.epidemic_management.filter.WebLogAspect.doBefore(WebLogAspect.java:43) - HTTP_METHOD:POST
[14:48:07:338] [INFO] - com.yago.epidemic_management.filter.WebLogAspect.doBefore(WebLogAspect.java:44) - IP:127.0.0.1
[14:48:07:340] [INFO] - com.yago.epidemic_management.filter.WebLogAspect.doBefore(WebLogAspect.java:45) - CLASS_METHOD:com.yago.epidemic_management.controller.UserController.com.yago.epidemic_management.controller.UserController
[14:48:07:340] [INFO] - com.yago.epidemic_management.filter.WebLogAspect.doBefore(WebLogAspect.java:46) - ARGS:[小白, 123456789, org.apache.catalina.session.StandardSessionFacade@564253d5]
[14:48:07:381] [INFO] - com.zaxxer.hikari.HikariDataSource.getConnection(HikariDataSource.java:110) - epidemic_situation - Starting...
[14:48:07:860] [INFO] - com.zaxxer.hikari.HikariDataSource.getConnection(HikariDataSource.java:123) - epidemic_situation - Start completed.
[14:48:07:927] [INFO] - com.yago.epidemic_management.filter.WebLogAspect.doAfterReturning(WebLogAspect.java:53) - RESPONSE:{"status":10000,"msg":"SUCCESS","data":{"userId":4,"username":"小白","password":null,"salt":null,"email":null,"mobile":null,"status":null,"createUserId":null,"createTime":null}}
[14:48:10:593] [INFO] - com.yago.epidemic_management.filter.WebLogAspect.doBefore(WebLogAspect.java:42) - URl:/test
[14:48:10:593] [INFO] - com.yago.epidemic_management.filter.WebLogAspect.doBefore(WebLogAspect.java:43) - HTTP_METHOD:GET
[14:48:10:593] [INFO] - com.yago.epidemic_management.filter.WebLogAspect.doBefore(WebLogAspect.java:44) - IP:127.0.0.1
[14:48:10:593] [INFO] - com.yago.epidemic_management.filter.WebLogAspect.doBefore(WebLogAspect.java:45) - CLASS_METHOD:com.yago.epidemic_management.controller.UserController.com.yago.epidemic_management.controller.UserController
[14:48:10:593] [INFO] - com.yago.epidemic_management.filter.WebLogAspect.doBefore(WebLogAspect.java:46) - ARGS:[null]
[14:48:10:597] [INFO] - com.yago.epidemic_management.filter.WebLogAspect.doAfterReturning(WebLogAspect.java:53) - RESPONSE:null
[14:48:24:187] [INFO] - com.yago.epidemic_management.filter.WebLogAspect.doBefore(WebLogAspect.java:42) - URl:/test
[14:48:24:188] [INFO] - com.yago.epidemic_management.filter.WebLogAspect.doBefore(WebLogAspect.java:43) - HTTP_METHOD:GET
[14:48:24:188] [INFO] - com.yago.epidemic_management.filter.WebLogAspect.doBefore(WebLogAspect.java:44) - IP:127.0.0.1
[14:48:24:188] [INFO] - com.yago.epidemic_management.filter.WebLogAspect.doBefore(WebLogAspect.java:45) - CLASS_METHOD:com.yago.epidemic_management.controller.UserController.com.yago.epidemic_management.controller.UserController
[14:48:24:188] [INFO] - com.yago.epidemic_management.filter.WebLogAspect.doBefore(WebLogAspect.java:46) - ARGS:[1]
[14:48:24:197] [INFO] - com.yago.epidemic_management.filter.WebLogAspect.doAfterReturning(WebLogAspect.java:53) - RESPONSE:{"userId":1,"username":"admin","password":null,"salt":null,"email":"12645566@qq.com","mobile":"12345678910","status":1,"createUserId":null,"createTime":1576435053000}
[14:48:38:837] [INFO] - com.zaxxer.hikari.HikariDataSource.close(HikariDataSource.java:350) - epidemic_situation - Shutdown initiated...
[14:48:38:846] [INFO] - com.zaxxer.hikari.HikariDataSource.close(HikariDataSource.java:352) - epidemic_situation - Shutdown completed.
[14:50:23:766] [INFO] - org.hibernate.validator.internal.util.Version.<clinit>(Version.java:21) - HV000001: Hibernate Validator 6.0.16.Final
[14:50:23:793] [INFO] - org.springframework.boot.StartupInfoLogger.logStarting(StartupInfoLogger.java:55) - Starting EpidemicManagementApplication using Java 1.8.0_202 on DESKTOP-Q69UUSO with PID 7248 (D:\Users\16975\ideaProjects\epidemic-management\target\classes started by 16975 in D:\Users\16975\ideaProjects\epidemic-management)
[14:50:23:796] [INFO] - org.springframework.boot.SpringApplication.logStartupProfileInfo(SpringApplication.java:640) - No active profile set, falling back to 1 default profile: "default"
[14:50:23:872] [INFO] - org.springframework.boot.logging.DeferredLog.logTo(DeferredLog.java:255) - Devtools property defaults active! Set 'spring.devtools.add-properties' to 'false' to disable
[14:50:23:872] [INFO] - org.springframework.boot.logging.DeferredLog.logTo(DeferredLog.java:255) - For additional web related logging consider setting the 'logging.level.web' property to 'DEBUG'
[14:50:25:281] [INFO] - org.springframework.boot.web.embedded.tomcat.TomcatWebServer.initialize(TomcatWebServer.java:108) - Tomcat initialized with port(s): 8081 (http)
[14:50:25:289] [INFO] - org.apache.juli.logging.DirectJDKLog.log(DirectJDKLog.java:173) - Initializing ProtocolHandler ["http-nio-8081"]
[14:50:25:290] [INFO] - org.apache.juli.logging.DirectJDKLog.log(DirectJDKLog.java:173) - Starting service [Tomcat]
[14:50:25:290] [INFO] - org.apache.juli.logging.DirectJDKLog.log(DirectJDKLog.java:173) - Starting Servlet engine: [Apache Tomcat/9.0.58]
[14:50:25:387] [INFO] - org.apache.juli.logging.DirectJDKLog.log(DirectJDKLog.java:173) - Initializing Spring embedded WebApplicationContext
[14:50:25:387] [INFO] - org.springframework.boot.web.servlet.context.ServletWebServerApplicationContext.prepareWebApplicationContext(ServletWebServerApplicationContext.java:290) - Root WebApplicationContext: initialization completed in 1514 ms
[14:50:26:770] [INFO] - org.springframework.boot.devtools.autoconfigure.OptionalLiveReloadServer.startServer(OptionalLiveReloadServer.java:58) - LiveReload server is running on port 35729
[14:50:26:826] [INFO] - springfox.documentation.spring.web.PropertySourcedRequestMappingHandlerMapping.initHandlerMethods(PropertySourcedRequestMappingHandlerMapping.java:69) - Mapped URL path [/v2/api-docs] onto method [springfox.documentation.swagger2.web.Swagger2Controller#getDocumentation(String, HttpServletRequest)]
[14:50:27:097] [INFO] - org.apache.juli.logging.DirectJDKLog.log(DirectJDKLog.java:173) - Starting ProtocolHandler ["http-nio-8081"]
[14:50:27:112] [INFO] - org.springframework.boot.web.embedded.tomcat.TomcatWebServer.start(TomcatWebServer.java:220) - Tomcat started on port(s): 8081 (http) with context path ''
[14:50:27:113] [INFO] - springfox.documentation.spring.web.plugins.DocumentationPluginsBootstrapper.start(DocumentationPluginsBootstrapper.java:160) - Context refreshed
[14:50:27:128] [INFO] - springfox.documentation.spring.web.plugins.DocumentationPluginsBootstrapper.start(DocumentationPluginsBootstrapper.java:163) - Found 1 custom documentation plugin(s)
[14:50:27:155] [INFO] - springfox.documentation.spring.web.scanners.ApiListingReferenceScanner.scan(ApiListingReferenceScanner.java:41) - Scanning for api listing references
[14:50:27:402] [INFO] - org.springframework.boot.StartupInfoLogger.logStarted(StartupInfoLogger.java:61) - Started EpidemicManagementApplication in 3.899 seconds (JVM running for 5.223)
[14:52:42:267] [INFO] - org.apache.juli.logging.DirectJDKLog.log(DirectJDKLog.java:173) - Initializing Spring DispatcherServlet 'dispatcherServlet'
[14:52:42:267] [INFO] - org.springframework.web.servlet.FrameworkServlet.initServletBean(FrameworkServlet.java:525) - Initializing Servlet 'dispatcherServlet'
[14:52:42:269] [INFO] - org.springframework.web.servlet.FrameworkServlet.initServletBean(FrameworkServlet.java:547) - Completed initialization in 2 ms
[14:52:46:202] [INFO] - com.yago.epidemic_management.filter.WebLogAspect.doBefore(WebLogAspect.java:42) - URl:/login
[14:52:46:202] [INFO] - com.yago.epidemic_management.filter.WebLogAspect.doBefore(WebLogAspect.java:43) - HTTP_METHOD:POST
[14:52:46:203] [INFO] - com.yago.epidemic_management.filter.WebLogAspect.doBefore(WebLogAspect.java:44) - IP:127.0.0.1
[14:52:46:206] [INFO] - com.yago.epidemic_management.filter.WebLogAspect.doBefore(WebLogAspect.java:45) - CLASS_METHOD:com.yago.epidemic_management.controller.UserController.com.yago.epidemic_management.controller.UserController
[14:52:46:206] [INFO] - com.yago.epidemic_management.filter.WebLogAspect.doBefore(WebLogAspect.java:46) - ARGS:[小白, 123456789, org.apache.catalina.session.StandardSessionFacade@7368eab4]
[14:52:46:329] [INFO] - com.zaxxer.hikari.HikariDataSource.getConnection(HikariDataSource.java:110) - epidemic_situation - Starting...
[14:52:47:351] [INFO] - com.zaxxer.hikari.HikariDataSource.getConnection(HikariDataSource.java:123) - epidemic_situation - Start completed.
[14:52:47:466] [INFO] - com.yago.epidemic_management.filter.WebLogAspect.doAfterReturning(WebLogAspect.java:53) - RESPONSE:{"status":10000,"msg":"SUCCESS","data":{"userId":4,"username":"小白","password":null,"salt":null,"email":null,"mobile":null,"status":null,"createUserId":null,"createTime":null}}
[14:52:51:910] [INFO] - com.yago.epidemic_management.filter.WebLogAspect.doBefore(WebLogAspect.java:42) - URl:/test
[14:52:51:911] [INFO] - com.yago.epidemic_management.filter.WebLogAspect.doBefore(WebLogAspect.java:43) - HTTP_METHOD:GET
[14:52:51:911] [INFO] - com.yago.epidemic_management.filter.WebLogAspect.doBefore(WebLogAspect.java:44) - IP:127.0.0.1
[14:52:51:911] [INFO] - com.yago.epidemic_management.filter.WebLogAspect.doBefore(WebLogAspect.java:45) - CLASS_METHOD:com.yago.epidemic_management.controller.UserController.com.yago.epidemic_management.controller.UserController
[14:52:51:911] [INFO] - com.yago.epidemic_management.filter.WebLogAspect.doBefore(WebLogAspect.java:46) - ARGS:[1]
[14:52:51:927] [INFO] - com.yago.epidemic_management.filter.WebLogAspect.doAfterReturning(WebLogAspect.java:53) - RESPONSE:{"userId":1,"username":"admin","password":null,"salt":null,"email":"12645566@qq.com","mobile":"12345678910","status":1,"createUserId":null,"createTime":1576435053000}
[14:53:39:667] [INFO] - com.zaxxer.hikari.HikariDataSource.close(HikariDataSource.java:350) - epidemic_situation - Shutdown initiated...
[14:53:39:703] [INFO] - com.zaxxer.hikari.HikariDataSource.close(HikariDataSource.java:352) - epidemic_situation - Shutdown completed.
[14:57:13:058] [INFO] - org.hibernate.validator.internal.util.Version.<clinit>(Version.java:21) - HV000001: Hibernate Validator 6.0.16.Final
[14:57:13:090] [INFO] - org.springframework.boot.StartupInfoLogger.logStarting(StartupInfoLogger.java:55) - Starting EpidemicManagementApplication using Java 1.8.0_202 on DESKTOP-Q69UUSO with PID 11348 (D:\Users\16975\ideaProjects\epidemic-management\target\classes started by 16975 in D:\Users\16975\ideaProjects\epidemic-management)
[14:57:13:093] [INFO] - org.springframework.boot.SpringApplication.logStartupProfileInfo(SpringApplication.java:640) - No active profile set, falling back to 1 default profile: "default"
[14:57:13:166] [INFO] - org.springframework.boot.logging.DeferredLog.logTo(DeferredLog.java:255) - Devtools property defaults active! Set 'spring.devtools.add-properties' to 'false' to disable
[14:57:13:166] [INFO] - org.springframework.boot.logging.DeferredLog.logTo(DeferredLog.java:255) - For additional web related logging consider setting the 'logging.level.web' property to 'DEBUG'
[14:57:14:379] [INFO] - org.springframework.boot.web.embedded.tomcat.TomcatWebServer.initialize(TomcatWebServer.java:108) - Tomcat initialized with port(s): 8081 (http)
[14:57:14:386] [INFO] - org.apache.juli.logging.DirectJDKLog.log(DirectJDKLog.java:173) - Initializing ProtocolHandler ["http-nio-8081"]
[14:57:14:386] [INFO] - org.apache.juli.logging.DirectJDKLog.log(DirectJDKLog.java:173) - Starting service [Tomcat]
[14:57:14:387] [INFO] - org.apache.juli.logging.DirectJDKLog.log(DirectJDKLog.java:173) - Starting Servlet engine: [Apache Tomcat/9.0.58]
[14:57:14:449] [INFO] - org.apache.juli.logging.DirectJDKLog.log(DirectJDKLog.java:173) - Initializing Spring embedded WebApplicationContext
[14:57:14:449] [INFO] - org.springframework.boot.web.servlet.context.ServletWebServerApplicationContext.prepareWebApplicationContext(ServletWebServerApplicationContext.java:290) - Root WebApplicationContext: initialization completed in 1282 ms
[14:57:15:127] [INFO] - org.springframework.boot.devtools.autoconfigure.OptionalLiveReloadServer.startServer(OptionalLiveReloadServer.java:58) - LiveReload server is running on port 35729
[14:57:15:182] [INFO] - springfox.documentation.spring.web.PropertySourcedRequestMappingHandlerMapping.initHandlerMethods(PropertySourcedRequestMappingHandlerMapping.java:69) - Mapped URL path [/v2/api-docs] onto method [springfox.documentation.swagger2.web.Swagger2Controller#getDocumentation(String, HttpServletRequest)]
[14:57:15:458] [INFO] - org.apache.juli.logging.DirectJDKLog.log(DirectJDKLog.java:173) - Starting ProtocolHandler ["http-nio-8081"]
[14:57:15:472] [INFO] - org.springframework.boot.web.embedded.tomcat.TomcatWebServer.start(TomcatWebServer.java:220) - Tomcat started on port(s): 8081 (http) with context path ''
[14:57:15:473] [INFO] - springfox.documentation.spring.web.plugins.DocumentationPluginsBootstrapper.start(DocumentationPluginsBootstrapper.java:160) - Context refreshed
[14:57:15:486] [INFO] - springfox.documentation.spring.web.plugins.DocumentationPluginsBootstrapper.start(DocumentationPluginsBootstrapper.java:163) - Found 1 custom documentation plugin(s)
[14:57:15:512] [INFO] - springfox.documentation.spring.web.scanners.ApiListingReferenceScanner.scan(ApiListingReferenceScanner.java:41) - Scanning for api listing references
[14:57:15:749] [INFO] - org.springframework.boot.StartupInfoLogger.logStarted(StartupInfoLogger.java:61) - Started EpidemicManagementApplication in 2.951 seconds (JVM running for 4.433)
[14:57:27:135] [INFO] - org.apache.juli.logging.DirectJDKLog.log(DirectJDKLog.java:173) - Initializing Spring DispatcherServlet 'dispatcherServlet'
[14:57:27:135] [INFO] - org.springframework.web.servlet.FrameworkServlet.initServletBean(FrameworkServlet.java:525) - Initializing Servlet 'dispatcherServlet'
[14:57:27:136] [INFO] - org.springframework.web.servlet.FrameworkServlet.initServletBean(FrameworkServlet.java:547) - Completed initialization in 1 ms
[14:57:27:159] [INFO] - com.yago.epidemic_management.filter.WebLogAspect.doBefore(WebLogAspect.java:42) - URl:/admin/login
[14:57:27:159] [INFO] - com.yago.epidemic_management.filter.WebLogAspect.doBefore(WebLogAspect.java:43) - HTTP_METHOD:POST
[14:57:27:159] [INFO] - com.yago.epidemic_management.filter.WebLogAspect.doBefore(WebLogAspect.java:44) - IP:127.0.0.1
[14:57:27:161] [INFO] - com.yago.epidemic_management.filter.WebLogAspect.doBefore(WebLogAspect.java:45) - CLASS_METHOD:com.yago.epidemic_management.controller.AdminController.com.yago.epidemic_management.controller.AdminController
[14:57:27:161] [INFO] - com.yago.epidemic_management.filter.WebLogAspect.doBefore(WebLogAspect.java:46) - ARGS:[admin, 123456789, org.apache.catalina.session.StandardSessionFacade@21b17e26]
[14:57:27:188] [INFO] - com.zaxxer.hikari.HikariDataSource.getConnection(HikariDataSource.java:110) - epidemic_situation - Starting...
[14:57:27:626] [INFO] - com.zaxxer.hikari.HikariDataSource.getConnection(HikariDataSource.java:123) - epidemic_situation - Start completed.
[14:57:27:693] [INFO] - com.yago.epidemic_management.filter.WebLogAspect.doAfterReturning(WebLogAspect.java:53) - RESPONSE:{"status":10009,"msg":"需要管理员权限","data":null}
[15:00:13:304] [INFO] - com.yago.epidemic_management.filter.WebLogAspect.doBefore(WebLogAspect.java:42) - URl:/admin/login
[15:00:13:304] [INFO] - com.yago.epidemic_management.filter.WebLogAspect.doBefore(WebLogAspect.java:43) - HTTP_METHOD:POST
[15:00:13:304] [INFO] - com.yago.epidemic_management.filter.WebLogAspect.doBefore(WebLogAspect.java:44) - IP:127.0.0.1
[15:00:13:304] [INFO] - com.yago.epidemic_management.filter.WebLogAspect.doBefore(WebLogAspect.java:45) - CLASS_METHOD:com.yago.epidemic_management.controller.AdminController.com.yago.epidemic_management.controller.AdminController
[15:00:13:304] [INFO] - com.yago.epidemic_management.filter.WebLogAspect.doBefore(WebLogAspect.java:46) - ARGS:[admin, 123456789, org.apache.catalina.session.StandardSessionFacade@21b17e26]
[15:02:37:221] [INFO] - com.yago.epidemic_management.filter.WebLogAspect.doAfterReturning(WebLogAspect.java:53) - RESPONSE:{"status":10009,"msg":"需要管理员权限","data":null}
[15:02:56:605] [INFO] - com.zaxxer.hikari.HikariDataSource.close(HikariDataSource.java:350) - epidemic_situation - Shutdown initiated...
[15:02:56:612] [INFO] - com.zaxxer.hikari.HikariDataSource.close(HikariDataSource.java:352) - epidemic_situation - Shutdown completed.
[15:03:02:499] [INFO] - org.hibernate.validator.internal.util.Version.<clinit>(Version.java:21) - HV000001: Hibernate Validator 6.0.16.Final
[15:03:02:525] [INFO] - org.springframework.boot.StartupInfoLogger.logStarting(StartupInfoLogger.java:55) - Starting EpidemicManagementApplication using Java 1.8.0_202 on DESKTOP-Q69UUSO with PID 12560 (D:\Users\16975\ideaProjects\epidemic-management\target\classes started by 16975 in D:\Users\16975\ideaProjects\epidemic-management)
[15:03:02:528] [INFO] - org.springframework.boot.SpringApplication.logStartupProfileInfo(SpringApplication.java:640) - No active profile set, falling back to 1 default profile: "default"
[15:03:02:596] [INFO] - org.springframework.boot.logging.DeferredLog.logTo(DeferredLog.java:255) - Devtools property defaults active! Set 'spring.devtools.add-properties' to 'false' to disable
[15:03:02:597] [INFO] - org.springframework.boot.logging.DeferredLog.logTo(DeferredLog.java:255) - For additional web related logging consider setting the 'logging.level.web' property to 'DEBUG'
[15:03:03:853] [INFO] - org.springframework.boot.web.embedded.tomcat.TomcatWebServer.initialize(TomcatWebServer.java:108) - Tomcat initialized with port(s): 8081 (http)
[15:03:03:860] [INFO] - org.apache.juli.logging.DirectJDKLog.log(DirectJDKLog.java:173) - Initializing ProtocolHandler ["http-nio-8081"]
[15:03:03:860] [INFO] - org.apache.juli.logging.DirectJDKLog.log(DirectJDKLog.java:173) - Starting service [Tomcat]
[15:03:03:860] [INFO] - org.apache.juli.logging.DirectJDKLog.log(DirectJDKLog.java:173) - Starting Servlet engine: [Apache Tomcat/9.0.58]
[15:03:03:949] [INFO] - org.apache.juli.logging.DirectJDKLog.log(DirectJDKLog.java:173) - Initializing Spring embedded WebApplicationContext
[15:03:03:950] [INFO] - org.springframework.boot.web.servlet.context.ServletWebServerApplicationContext.prepareWebApplicationContext(ServletWebServerApplicationContext.java:290) - Root WebApplicationContext: initialization completed in 1353 ms
[15:03:04:655] [INFO] - org.springframework.boot.devtools.autoconfigure.OptionalLiveReloadServer.startServer(OptionalLiveReloadServer.java:58) - LiveReload server is running on port 35729
[15:03:04:713] [INFO] - springfox.documentation.spring.web.PropertySourcedRequestMappingHandlerMapping.initHandlerMethods(PropertySourcedRequestMappingHandlerMapping.java:69) - Mapped URL path [/v2/api-docs] onto method [springfox.documentation.swagger2.web.Swagger2Controller#getDocumentation(String, HttpServletRequest)]
[15:03:04:981] [INFO] - org.apache.juli.logging.DirectJDKLog.log(DirectJDKLog.java:173) - Starting ProtocolHandler ["http-nio-8081"]
[15:03:04:998] [INFO] - org.springframework.boot.web.embedded.tomcat.TomcatWebServer.start(TomcatWebServer.java:220) - Tomcat started on port(s): 8081 (http) with context path ''
[15:03:04:999] [INFO] - springfox.documentation.spring.web.plugins.DocumentationPluginsBootstrapper.start(DocumentationPluginsBootstrapper.java:160) - Context refreshed
[15:03:05:013] [INFO] - springfox.documentation.spring.web.plugins.DocumentationPluginsBootstrapper.start(DocumentationPluginsBootstrapper.java:163) - Found 1 custom documentation plugin(s)
[15:03:05:042] [INFO] - springfox.documentation.spring.web.scanners.ApiListingReferenceScanner.scan(ApiListingReferenceScanner.java:41) - Scanning for api listing references
[15:03:05:285] [INFO] - org.springframework.boot.StartupInfoLogger.logStarted(StartupInfoLogger.java:61) - Started EpidemicManagementApplication in 3.029 seconds (JVM running for 4.3)
[15:03:06:920] [INFO] - org.apache.juli.logging.DirectJDKLog.log(DirectJDKLog.java:173) - Initializing Spring DispatcherServlet 'dispatcherServlet'
[15:03:06:920] [INFO] - org.springframework.web.servlet.FrameworkServlet.initServletBean(FrameworkServlet.java:525) - Initializing Servlet 'dispatcherServlet'
[15:03:06:922] [INFO] - org.springframework.web.servlet.FrameworkServlet.initServletBean(FrameworkServlet.java:547) - Completed initialization in 1 ms
[15:03:06:946] [INFO] - com.yago.epidemic_management.filter.WebLogAspect.doBefore(WebLogAspect.java:42) - URl:/admin/login
[15:03:06:947] [INFO] - com.yago.epidemic_management.filter.WebLogAspect.doBefore(WebLogAspect.java:43) - HTTP_METHOD:POST
[15:03:06:947] [INFO] - com.yago.epidemic_management.filter.WebLogAspect.doBefore(WebLogAspect.java:44) - IP:127.0.0.1
[15:03:06:948] [INFO] - com.yago.epidemic_management.filter.WebLogAspect.doBefore(WebLogAspect.java:45) - CLASS_METHOD:com.yago.epidemic_management.controller.AdminController.com.yago.epidemic_management.controller.AdminController
[15:03:06:948] [INFO] - com.yago.epidemic_management.filter.WebLogAspect.doBefore(WebLogAspect.java:46) - ARGS:[admin, 123456789, org.apache.catalina.session.StandardSessionFacade@29585112]
[15:03:06:978] [INFO] - com.zaxxer.hikari.HikariDataSource.getConnection(HikariDataSource.java:110) - epidemic_situation - Starting...
[15:03:07:411] [INFO] - com.zaxxer.hikari.HikariDataSource.getConnection(HikariDataSource.java:123) - epidemic_situation - Start completed.
[15:03:07:479] [INFO] - com.yago.epidemic_management.filter.WebLogAspect.doAfterReturning(WebLogAspect.java:53) - RESPONSE:{"status":10000,"msg":"SUCCESS","data":{"userId":1,"username":"admin","password":null,"salt":null,"email":"12645566@qq.com","mobile":"12345678910","status":1,"createUserId":null,"createTime":1576435053000}}
[15:05:12:013] [INFO] - com.yago.epidemic_management.filter.WebLogAspect.doBefore(WebLogAspect.java:42) - URl:/admin/userlist
[15:05:12:014] [INFO] - com.yago.epidemic_management.filter.WebLogAspect.doBefore(WebLogAspect.java:43) - HTTP_METHOD:GET
[15:05:12:014] [INFO] - com.yago.epidemic_management.filter.WebLogAspect.doBefore(WebLogAspect.java:44) - IP:127.0.0.1
[15:05:12:014] [INFO] - com.yago.epidemic_management.filter.WebLogAspect.doBefore(WebLogAspect.java:45) - CLASS_METHOD:com.yago.epidemic_management.controller.AdminController.com.yago.epidemic_management.controller.AdminController
[15:05:12:014] [INFO] - com.yago.epidemic_management.filter.WebLogAspect.doBefore(WebLogAspect.java:46) - ARGS:[1, 5]
[15:05:12:362] [INFO] - com.yago.epidemic_management.filter.WebLogAspect.doAfterReturning(WebLogAspect.java:53) - RESPONSE:{"status":10000,"msg":"SUCCESS","data":{"total":2,"list":[{"userId":3,"username":"小明","password":null,"salt":null,"email":null,"mobile":null,"status":null,"createUserId":null,"createTime":null},{"userId":4,"username":"小白","password":null,"salt":null,"email":null,"mobile":null,"status":null,"createUserId":null,"createTime":null}],"pageNum":1,"pageSize":5,"size":2,"startRow":1,"endRow":2,"pages":1,"prePage":0,"nextPage":0,"isFirstPage":true,"isLastPage":true,"hasPreviousPage":false,"hasNextPage":false,"navigatePages":8,"navigatepageNums":[1],"navigateFirstPage":1,"navigateLastPage":1}}
[15:11:15:993] [WARN] - org.springframework.web.servlet.handler.AbstractHandlerExceptionResolver.logException(AbstractHandlerExceptionResolver.java:208) - Resolved [org.springframework.web.HttpRequestMethodNotSupportedException: Request method 'GET' not supported]
[15:11:29:782] [WARN] - org.springframework.web.servlet.handler.AbstractHandlerExceptionResolver.logException(AbstractHandlerExceptionResolver.java:208) - Resolved [org.springframework.http.converter.HttpMessageNotReadableException: JSON parse error: Cannot deserialize value of type `java.lang.Byte` from String "健康": not a valid Byte value; nested exception is com.fasterxml.jackson.databind.exc.InvalidFormatException: Cannot deserialize value of type `java.lang.Byte` from String "健康": not a valid Byte value<EOL> at [Source: (org.springframework.util.StreamUtils$NonClosingInputStream); line: 6, column: 14] (through reference chain: com.yago.epidemic_management.model.dto.UserDto["status"])]
[15:13:05:512] [INFO] - com.zaxxer.hikari.HikariDataSource.close(HikariDataSource.java:350) - epidemic_situation - Shutdown initiated...
[15:13:05:515] [INFO] - com.zaxxer.hikari.HikariDataSource.close(HikariDataSource.java:352) - epidemic_situation - Shutdown completed.
[15:14:29:186] [INFO] - org.hibernate.validator.internal.util.Version.<clinit>(Version.java:21) - HV000001: Hibernate Validator 6.0.16.Final
[15:14:29:212] [INFO] - org.springframework.boot.StartupInfoLogger.logStarting(StartupInfoLogger.java:55) - Starting EpidemicManagementApplication using Java 1.8.0_202 on DESKTOP-Q69UUSO with PID 11252 (D:\Users\16975\ideaProjects\epidemic-management\target\classes started by 16975 in D:\Users\16975\ideaProjects\epidemic-management)
[15:14:29:215] [INFO] - org.springframework.boot.SpringApplication.logStartupProfileInfo(SpringApplication.java:640) - No active profile set, falling back to 1 default profile: "default"
[15:14:29:294] [INFO] - org.springframework.boot.logging.DeferredLog.logTo(DeferredLog.java:255) - Devtools property defaults active! Set 'spring.devtools.add-properties' to 'false' to disable
[15:14:29:294] [INFO] - org.springframework.boot.logging.DeferredLog.logTo(DeferredLog.java:255) - For additional web related logging consider setting the 'logging.level.web' property to 'DEBUG'
[15:14:30:532] [INFO] - org.springframework.boot.web.embedded.tomcat.TomcatWebServer.initialize(TomcatWebServer.java:108) - Tomcat initialized with port(s): 8081 (http)
[15:14:30:538] [INFO] - org.apache.juli.logging.DirectJDKLog.log(DirectJDKLog.java:173) - Initializing ProtocolHandler ["http-nio-8081"]
[15:14:30:539] [INFO] - org.apache.juli.logging.DirectJDKLog.log(DirectJDKLog.java:173) - Starting service [Tomcat]
[15:14:30:539] [INFO] - org.apache.juli.logging.DirectJDKLog.log(DirectJDKLog.java:173) - Starting Servlet engine: [Apache Tomcat/9.0.58]
[15:14:30:603] [INFO] - org.apache.juli.logging.DirectJDKLog.log(DirectJDKLog.java:173) - Initializing Spring embedded WebApplicationContext
[15:14:30:603] [INFO] - org.springframework.boot.web.servlet.context.ServletWebServerApplicationContext.prepareWebApplicationContext(ServletWebServerApplicationContext.java:290) - Root WebApplicationContext: initialization completed in 1308 ms
[15:14:31:280] [INFO] - org.springframework.boot.devtools.autoconfigure.OptionalLiveReloadServer.startServer(OptionalLiveReloadServer.java:58) - LiveReload server is running on port 35729
[15:14:31:335] [INFO] - springfox.documentation.spring.web.PropertySourcedRequestMappingHandlerMapping.initHandlerMethods(PropertySourcedRequestMappingHandlerMapping.java:69) - Mapped URL path [/v2/api-docs] onto method [springfox.documentation.swagger2.web.Swagger2Controller#getDocumentation(String, HttpServletRequest)]
[15:14:31:604] [INFO] - org.apache.juli.logging.DirectJDKLog.log(DirectJDKLog.java:173) - Starting ProtocolHandler ["http-nio-8081"]
[15:14:31:618] [INFO] - org.springframework.boot.web.embedded.tomcat.TomcatWebServer.start(TomcatWebServer.java:220) - Tomcat started on port(s): 8081 (http) with context path ''
[15:14:31:619] [INFO] - springfox.documentation.spring.web.plugins.DocumentationPluginsBootstrapper.start(DocumentationPluginsBootstrapper.java:160) - Context refreshed
[15:14:31:632] [INFO] - springfox.documentation.spring.web.plugins.DocumentationPluginsBootstrapper.start(DocumentationPluginsBootstrapper.java:163) - Found 1 custom documentation plugin(s)
[15:14:31:657] [INFO] - springfox.documentation.spring.web.scanners.ApiListingReferenceScanner.scan(ApiListingReferenceScanner.java:41) - Scanning for api listing references
[15:14:31:892] [INFO] - org.springframework.boot.StartupInfoLogger.logStarted(StartupInfoLogger.java:61) - Started EpidemicManagementApplication in 2.964 seconds (JVM running for 4.343)
[15:14:35:504] [INFO] - org.apache.juli.logging.DirectJDKLog.log(DirectJDKLog.java:173) - Initializing Spring DispatcherServlet 'dispatcherServlet'
[15:14:35:504] [INFO] - org.springframework.web.servlet.FrameworkServlet.initServletBean(FrameworkServlet.java:525) - Initializing Servlet 'dispatcherServlet'
[15:14:35:505] [INFO] - org.springframework.web.servlet.FrameworkServlet.initServletBean(FrameworkServlet.java:547) - Completed initialization in 1 ms
[15:14:46:890] [INFO] - com.yago.epidemic_management.filter.WebLogAspect.doBefore(WebLogAspect.java:42) - URl:/login
[15:14:46:890] [INFO] - com.yago.epidemic_management.filter.WebLogAspect.doBefore(WebLogAspect.java:43) - HTTP_METHOD:POST
[15:14:46:890] [INFO] - com.yago.epidemic_management.filter.WebLogAspect.doBefore(WebLogAspect.java:44) - IP:127.0.0.1
[15:14:46:892] [INFO] - com.yago.epidemic_management.filter.WebLogAspect.doBefore(WebLogAspect.java:45) - CLASS_METHOD:com.yago.epidemic_management.controller.UserController.com.yago.epidemic_management.controller.UserController
[15:14:46:892] [INFO] - com.yago.epidemic_management.filter.WebLogAspect.doBefore(WebLogAspect.java:46) - ARGS:[小白, 123456789, org.apache.catalina.session.StandardSessionFacade@333a932d]
[15:14:46:921] [INFO] - com.zaxxer.hikari.HikariDataSource.getConnection(HikariDataSource.java:110) - epidemic_situation - Starting...
[15:14:47:356] [INFO] - com.zaxxer.hikari.HikariDataSource.getConnection(HikariDataSource.java:123) - epidemic_situation - Start completed.
[15:14:47:426] [INFO] - com.yago.epidemic_management.filter.WebLogAspect.doAfterReturning(WebLogAspect.java:53) - RESPONSE:{"status":10000,"msg":"SUCCESS","data":{"userId":4,"username":"小白","password":null,"salt":null,"email":null,"mobile":null,"status":null,"createUserId":null,"createTime":null}}
[15:14:54:234] [INFO] - com.yago.epidemic_management.filter.WebLogAspect.doBefore(WebLogAspect.java:42) - URl:/admin/login
[15:14:54:235] [INFO] - com.yago.epidemic_management.filter.WebLogAspect.doBefore(WebLogAspect.java:43) - HTTP_METHOD:POST
[15:14:54:235] [INFO] - com.yago.epidemic_management.filter.WebLogAspect.doBefore(WebLogAspect.java:44) - IP:127.0.0.1
[15:14:54:235] [INFO] - com.yago.epidemic_management.filter.WebLogAspect.doBefore(WebLogAspect.java:45) - CLASS_METHOD:com.yago.epidemic_management.controller.AdminController.com.yago.epidemic_management.controller.AdminController
[15:14:54:235] [INFO] - com.yago.epidemic_management.filter.WebLogAspect.doBefore(WebLogAspect.java:46) - ARGS:[admin, 123456789, org.apache.catalina.session.StandardSessionFacade@333a932d]
[15:14:54:246] [INFO] - com.yago.epidemic_management.filter.WebLogAspect.doAfterReturning(WebLogAspect.java:53) - RESPONSE:{"status":10000,"msg":"SUCCESS","data":{"userId":1,"username":"admin","password":null,"salt":null,"email":"12645566@qq.com","mobile":"12345678910","status":1,"createUserId":null,"createTime":1576435053000}}
[15:17:09:146] [INFO] - com.zaxxer.hikari.HikariDataSource.close(HikariDataSource.java:350) - epidemic_situation - Shutdown initiated...
[15:17:09:161] [INFO] - com.zaxxer.hikari.HikariDataSource.close(HikariDataSource.java:352) - epidemic_situation - Shutdown completed.
[16:33:53:876] [INFO] - org.hibernate.validator.internal.util.Version.<clinit>(Version.java:21) - HV000001: Hibernate Validator 6.0.16.Final
[16:33:53:894] [INFO] - org.springframework.boot.StartupInfoLogger.logStarting(StartupInfoLogger.java:55) - Starting EpidemicManagementApplication using Java 1.8.0_202 on DESKTOP-Q69UUSO with PID 14368 (D:\Users\16975\ideaProjects\epidemic-management\target\classes started by 16975 in D:\Users\16975\ideaProjects\epidemic-management)
[16:33:53:896] [INFO] - org.springframework.boot.SpringApplication.logStartupProfileInfo(SpringApplication.java:640) - No active profile set, falling back to 1 default profile: "default"
[16:33:53:998] [INFO] - org.springframework.boot.logging.DeferredLog.logTo(DeferredLog.java:255) - Devtools property defaults active! Set 'spring.devtools.add-properties' to 'false' to disable
[16:33:53:998] [INFO] - org.springframework.boot.logging.DeferredLog.logTo(DeferredLog.java:255) - For additional web related logging consider setting the 'logging.level.web' property to 'DEBUG'
[16:33:56:447] [INFO] - org.springframework.boot.web.embedded.tomcat.TomcatWebServer.initialize(TomcatWebServer.java:108) - Tomcat initialized with port(s): 8081 (http)
[16:33:56:456] [INFO] - org.apache.juli.logging.DirectJDKLog.log(DirectJDKLog.java:173) - Initializing ProtocolHandler ["http-nio-8081"]
[16:33:56:456] [INFO] - org.apache.juli.logging.DirectJDKLog.log(DirectJDKLog.java:173) - Starting service [Tomcat]
[16:33:56:456] [INFO] - org.apache.juli.logging.DirectJDKLog.log(DirectJDKLog.java:173) - Starting Servlet engine: [Apache Tomcat/9.0.58]
[16:33:56:528] [INFO] - org.apache.juli.logging.DirectJDKLog.log(DirectJDKLog.java:173) - Initializing Spring embedded WebApplicationContext
[16:33:56:528] [INFO] - org.springframework.boot.web.servlet.context.ServletWebServerApplicationContext.prepareWebApplicationContext(ServletWebServerApplicationContext.java:290) - Root WebApplicationContext: initialization completed in 2529 ms
[16:33:57:524] [INFO] - org.springframework.boot.devtools.autoconfigure.OptionalLiveReloadServer.startServer(OptionalLiveReloadServer.java:58) - LiveReload server is running on port 35729
[16:33:57:590] [INFO] - springfox.documentation.spring.web.PropertySourcedRequestMappingHandlerMapping.initHandlerMethods(PropertySourcedRequestMappingHandlerMapping.java:69) - Mapped URL path [/v2/api-docs] onto method [springfox.documentation.swagger2.web.Swagger2Controller#getDocumentation(String, HttpServletRequest)]
[16:33:57:853] [INFO] - org.apache.juli.logging.DirectJDKLog.log(DirectJDKLog.java:173) - Starting ProtocolHandler ["http-nio-8081"]
[16:33:57:870] [INFO] - org.springframework.boot.web.embedded.tomcat.TomcatWebServer.start(TomcatWebServer.java:220) - Tomcat started on port(s): 8081 (http) with context path ''
[16:33:57:871] [INFO] - springfox.documentation.spring.web.plugins.DocumentationPluginsBootstrapper.start(DocumentationPluginsBootstrapper.java:160) - Context refreshed
[16:33:57:888] [INFO] - springfox.documentation.spring.web.plugins.DocumentationPluginsBootstrapper.start(DocumentationPluginsBootstrapper.java:163) - Found 1 custom documentation plugin(s)
[16:33:57:930] [INFO] - springfox.documentation.spring.web.scanners.ApiListingReferenceScanner.scan(ApiListingReferenceScanner.java:41) - Scanning for api listing references
[16:33:58:210] [INFO] - org.springframework.boot.StartupInfoLogger.logStarted(StartupInfoLogger.java:61) - Started EpidemicManagementApplication in 4.791 seconds (JVM running for 7.068)
[16:34:05:068] [INFO] - org.apache.juli.logging.DirectJDKLog.log(DirectJDKLog.java:173) - Initializing Spring DispatcherServlet 'dispatcherServlet'
[16:34:05:068] [INFO] - org.springframework.web.servlet.FrameworkServlet.initServletBean(FrameworkServlet.java:525) - Initializing Servlet 'dispatcherServlet'
[16:34:05:070] [INFO] - org.springframework.web.servlet.FrameworkServlet.initServletBean(FrameworkServlet.java:547) - Completed initialization in 2 ms
[16:34:08:706] [INFO] - com.yago.epidemic_management.filter.WebLogAspect.doBefore(WebLogAspect.java:42) - URl:/login
[16:34:08:706] [INFO] - com.yago.epidemic_management.filter.WebLogAspect.doBefore(WebLogAspect.java:43) - HTTP_METHOD:POST
[16:34:08:706] [INFO] - com.yago.epidemic_management.filter.WebLogAspect.doBefore(WebLogAspect.java:44) - IP:127.0.0.1
[16:34:08:708] [INFO] - com.yago.epidemic_management.filter.WebLogAspect.doBefore(WebLogAspect.java:45) - CLASS_METHOD:com.yago.epidemic_management.controller.UserController.com.yago.epidemic_management.controller.UserController
[16:34:08:708] [INFO] - com.yago.epidemic_management.filter.WebLogAspect.doBefore(WebLogAspect.java:46) - ARGS:[小白, 123456789, org.apache.catalina.session.StandardSessionFacade@493b96bf]
[16:34:08:814] [INFO] - com.zaxxer.hikari.HikariDataSource.getConnection(HikariDataSource.java:110) - epidemic_situation - Starting...
[16:34:09:509] [INFO] - com.zaxxer.hikari.HikariDataSource.getConnection(HikariDataSource.java:123) - epidemic_situation - Start completed.
[16:34:09:599] [INFO] - com.yago.epidemic_management.filter.WebLogAspect.doAfterReturning(WebLogAspect.java:53) - RESPONSE:{"status":10000,"msg":"SUCCESS","data":{"userId":4,"username":"小白","password":null,"salt":null,"email":null,"mobile":null,"status":null,"createUserId":null,"createTime":null}}
[16:34:14:319] [INFO] - com.yago.epidemic_management.filter.WebLogAspect.doBefore(WebLogAspect.java:42) - URl:/admin/login
[16:34:14:319] [INFO] - com.yago.epidemic_management.filter.WebLogAspect.doBefore(WebLogAspect.java:43) - HTTP_METHOD:POST
[16:34:14:319] [INFO] - com.yago.epidemic_management.filter.WebLogAspect.doBefore(WebLogAspect.java:44) - IP:127.0.0.1
[16:34:14:319] [INFO] - com.yago.epidemic_management.filter.WebLogAspect.doBefore(WebLogAspect.java:45) - CLASS_METHOD:com.yago.epidemic_management.controller.AdminController.com.yago.epidemic_management.controller.AdminController
[16:34:14:319] [INFO] - com.yago.epidemic_management.filter.WebLogAspect.doBefore(WebLogAspect.java:46) - ARGS:[admin, 123456789, org.apache.catalina.session.StandardSessionFacade@493b96bf]
[16:34:14:331] [INFO] - com.yago.epidemic_management.filter.WebLogAspect.doAfterReturning(WebLogAspect.java:53) - RESPONSE:{"status":10000,"msg":"SUCCESS","data":{"userId":1,"username":"admin","password":null,"salt":null,"email":"12645566@qq.com","mobile":"12345678910","status":1,"createUserId":null,"createTime":1576435053000}}
[16:34:52:122] [INFO] - com.zaxxer.hikari.HikariDataSource.close(HikariDataSource.java:350) - epidemic_situation - Shutdown initiated...
[16:34:52:129] [INFO] - com.zaxxer.hikari.HikariDataSource.close(HikariDataSource.java:352) - epidemic_situation - Shutdown completed.
[16:35:12:369] [INFO] - org.hibernate.validator.internal.util.Version.<clinit>(Version.java:21) - HV000001: Hibernate Validator 6.0.16.Final
[16:35:12:399] [INFO] - org.springframework.boot.StartupInfoLogger.logStarting(StartupInfoLogger.java:55) - Starting EpidemicManagementApplication using Java 1.8.0_202 on DESKTOP-Q69UUSO with PID 3516 (D:\Users\16975\ideaProjects\epidemic-management\target\classes started by 16975 in D:\Users\16975\ideaProjects\epidemic-management)
[16:35:12:403] [INFO] - org.springframework.boot.SpringApplication.logStartupProfileInfo(SpringApplication.java:640) - No active profile set, falling back to 1 default profile: "default"
[16:35:12:487] [INFO] - org.springframework.boot.logging.DeferredLog.logTo(DeferredLog.java:255) - Devtools property defaults active! Set 'spring.devtools.add-properties' to 'false' to disable
[16:35:12:487] [INFO] - org.springframework.boot.logging.DeferredLog.logTo(DeferredLog.java:255) - For additional web related logging consider setting the 'logging.level.web' property to 'DEBUG'
[16:35:13:809] [INFO] - org.springframework.boot.web.embedded.tomcat.TomcatWebServer.initialize(TomcatWebServer.java:108) - Tomcat initialized with port(s): 8081 (http)
[16:35:13:816] [INFO] - org.apache.juli.logging.DirectJDKLog.log(DirectJDKLog.java:173) - Initializing ProtocolHandler ["http-nio-8081"]
[16:35:13:816] [INFO] - org.apache.juli.logging.DirectJDKLog.log(DirectJDKLog.java:173) - Starting service [Tomcat]
[16:35:13:817] [INFO] - org.apache.juli.logging.DirectJDKLog.log(DirectJDKLog.java:173) - Starting Servlet engine: [Apache Tomcat/9.0.58]
[16:35:13:889] [INFO] - org.apache.juli.logging.DirectJDKLog.log(DirectJDKLog.java:173) - Initializing Spring embedded WebApplicationContext
[16:35:13:890] [INFO] - org.springframework.boot.web.servlet.context.ServletWebServerApplicationContext.prepareWebApplicationContext(ServletWebServerApplicationContext.java:290) - Root WebApplicationContext: initialization completed in 1402 ms
[16:35:14:837] [INFO] - org.springframework.boot.devtools.autoconfigure.OptionalLiveReloadServer.startServer(OptionalLiveReloadServer.java:58) - LiveReload server is running on port 35729
[16:35:14:894] [INFO] - springfox.documentation.spring.web.PropertySourcedRequestMappingHandlerMapping.initHandlerMethods(PropertySourcedRequestMappingHandlerMapping.java:69) - Mapped URL path [/v2/api-docs] onto method [springfox.documentation.swagger2.web.Swagger2Controller#getDocumentation(String, HttpServletRequest)]
[16:35:15:163] [INFO] - org.apache.juli.logging.DirectJDKLog.log(DirectJDKLog.java:173) - Starting ProtocolHandler ["http-nio-8081"]
[16:35:15:178] [INFO] - org.springframework.boot.web.embedded.tomcat.TomcatWebServer.start(TomcatWebServer.java:220) - Tomcat started on port(s): 8081 (http) with context path ''
[16:35:15:179] [INFO] - springfox.documentation.spring.web.plugins.DocumentationPluginsBootstrapper.start(DocumentationPluginsBootstrapper.java:160) - Context refreshed
[16:35:15:192] [INFO] - springfox.documentation.spring.web.plugins.DocumentationPluginsBootstrapper.start(DocumentationPluginsBootstrapper.java:163) - Found 1 custom documentation plugin(s)
[16:35:15:218] [INFO] - springfox.documentation.spring.web.scanners.ApiListingReferenceScanner.scan(ApiListingReferenceScanner.java:41) - Scanning for api listing references
[16:35:15:467] [INFO] - org.springframework.boot.StartupInfoLogger.logStarted(StartupInfoLogger.java:61) - Started EpidemicManagementApplication in 3.361 seconds (JVM running for 4.763)
[16:35:16:942] [INFO] - org.apache.juli.logging.DirectJDKLog.log(DirectJDKLog.java:173) - Initializing Spring DispatcherServlet 'dispatcherServlet'
[16:35:16:942] [INFO] - org.springframework.web.servlet.FrameworkServlet.initServletBean(FrameworkServlet.java:525) - Initializing Servlet 'dispatcherServlet'
[16:35:16:943] [INFO] - org.springframework.web.servlet.FrameworkServlet.initServletBean(FrameworkServlet.java:547) - Completed initialization in 1 ms
[16:35:16:967] [INFO] - com.yago.epidemic_management.filter.WebLogAspect.doBefore(WebLogAspect.java:42) - URl:/admin/login
[16:35:16:967] [INFO] - com.yago.epidemic_management.filter.WebLogAspect.doBefore(WebLogAspect.java:43) - HTTP_METHOD:POST
[16:35:16:968] [INFO] - com.yago.epidemic_management.filter.WebLogAspect.doBefore(WebLogAspect.java:44) - IP:127.0.0.1
[16:35:16:969] [INFO] - com.yago.epidemic_management.filter.WebLogAspect.doBefore(WebLogAspect.java:45) - CLASS_METHOD:com.yago.epidemic_management.controller.AdminController.com.yago.epidemic_management.controller.AdminController
[16:35:16:969] [INFO] - com.yago.epidemic_management.filter.WebLogAspect.doBefore(WebLogAspect.java:46) - ARGS:[admin, 123456789, org.apache.catalina.session.StandardSessionFacade@5dff47fc]
[16:35:16:998] [INFO] - com.zaxxer.hikari.HikariDataSource.getConnection(HikariDataSource.java:110) - epidemic_situation - Starting...
[16:35:17:437] [INFO] - com.zaxxer.hikari.HikariDataSource.getConnection(HikariDataSource.java:123) - epidemic_situation - Start completed.
[16:35:17:508] [INFO] - com.yago.epidemic_management.filter.WebLogAspect.doAfterReturning(WebLogAspect.java:53) - RESPONSE:{"status":10000,"msg":"SUCCESS","data":{"userId":1,"username":"admin","password":null,"salt":null,"email":"12645566@qq.com","mobile":"12345678910","status":1,"createUserId":null,"createTime":1576435053000}}
[16:35:19:411] [INFO] - com.yago.epidemic_management.filter.WebLogAspect.doBefore(WebLogAspect.java:42) - URl:/admin/update
[16:35:19:411] [INFO] - com.yago.epidemic_management.filter.WebLogAspect.doBefore(WebLogAspect.java:43) - HTTP_METHOD:POST
[16:35:19:411] [INFO] - com.yago.epidemic_management.filter.WebLogAspect.doBefore(WebLogAspect.java:44) - IP:127.0.0.1
[16:35:19:411] [INFO] - com.yago.epidemic_management.filter.WebLogAspect.doBefore(WebLogAspect.java:45) - CLASS_METHOD:com.yago.epidemic_management.controller.AdminController.com.yago.epidemic_management.controller.AdminController
[16:35:19:411] [INFO] - com.yago.epidemic_management.filter.WebLogAspect.doBefore(WebLogAspect.java:46) - ARGS:[UserDto(userId=3, username=小化, password=987654321, email=132456@qq.com, mobile=null, status=1, createUserId=123456, createTime=null), org.apache.catalina.session.StandardSessionFacade@5dff47fc]
[16:35:19:507] [INFO] - com.yago.epidemic_management.filter.WebLogAspect.doAfterReturning(WebLogAspect.java:53) - RESPONSE:{"status":10000,"msg":"SUCCESS","data":null}
[16:35:46:384] [INFO] - com.zaxxer.hikari.HikariDataSource.close(HikariDataSource.java:350) - epidemic_situation - Shutdown initiated...
[16:35:46:390] [INFO] - com.zaxxer.hikari.HikariDataSource.close(HikariDataSource.java:352) - epidemic_situation - Shutdown completed.
[16:59:01:618] [INFO] - org.hibernate.validator.internal.util.Version.<clinit>(Version.java:21) - HV000001: Hibernate Validator 6.0.16.Final
[16:59:01:642] [INFO] - org.springframework.boot.StartupInfoLogger.logStarting(StartupInfoLogger.java:55) - Starting EpidemicManagementApplication using Java 1.8.0_202 on DESKTOP-Q69UUSO with PID 15024 (D:\Users\16975\ideaProjects\epidemic-management\target\classes started by 16975 in D:\Users\16975\ideaProjects\epidemic-management)
[16:59:01:654] [INFO] - org.springframework.boot.SpringApplication.logStartupProfileInfo(SpringApplication.java:640) - No active profile set, falling back to 1 default profile: "default"
[16:59:01:777] [INFO] - org.springframework.boot.logging.DeferredLog.logTo(DeferredLog.java:255) - Devtools property defaults active! Set 'spring.devtools.add-properties' to 'false' to disable
[16:59:01:777] [INFO] - org.springframework.boot.logging.DeferredLog.logTo(DeferredLog.java:255) - For additional web related logging consider setting the 'logging.level.web' property to 'DEBUG'
[16:59:04:310] [INFO] - org.springframework.boot.web.embedded.tomcat.TomcatWebServer.initialize(TomcatWebServer.java:108) - Tomcat initialized with port(s): 8081 (http)
[16:59:04:319] [INFO] - org.apache.juli.logging.DirectJDKLog.log(DirectJDKLog.java:173) - Initializing ProtocolHandler ["http-nio-8081"]
[16:59:04:319] [INFO] - org.apache.juli.logging.DirectJDKLog.log(DirectJDKLog.java:173) - Starting service [Tomcat]
[16:59:04:319] [INFO] - org.apache.juli.logging.DirectJDKLog.log(DirectJDKLog.java:173) - Starting Servlet engine: [Apache Tomcat/9.0.58]
[16:59:04:394] [INFO] - org.apache.juli.logging.DirectJDKLog.log(DirectJDKLog.java:173) - Initializing Spring embedded WebApplicationContext
[16:59:04:394] [INFO] - org.springframework.boot.web.servlet.context.ServletWebServerApplicationContext.prepareWebApplicationContext(ServletWebServerApplicationContext.java:290) - Root WebApplicationContext: initialization completed in 2616 ms
[16:59:05:501] [INFO] - org.springframework.boot.devtools.autoconfigure.OptionalLiveReloadServer.startServer(OptionalLiveReloadServer.java:58) - LiveReload server is running on port 35729
[16:59:05:559] [INFO] - springfox.documentation.spring.web.PropertySourcedRequestMappingHandlerMapping.initHandlerMethods(PropertySourcedRequestMappingHandlerMapping.java:69) - Mapped URL path [/v2/api-docs] onto method [springfox.documentation.swagger2.web.Swagger2Controller#getDocumentation(String, HttpServletRequest)]
[16:59:05:979] [INFO] - org.apache.juli.logging.DirectJDKLog.log(DirectJDKLog.java:173) - Starting ProtocolHandler ["http-nio-8081"]
[16:59:05:995] [INFO] - org.springframework.boot.web.embedded.tomcat.TomcatWebServer.start(TomcatWebServer.java:220) - Tomcat started on port(s): 8081 (http) with context path ''
[16:59:05:996] [INFO] - springfox.documentation.spring.web.plugins.DocumentationPluginsBootstrapper.start(DocumentationPluginsBootstrapper.java:160) - Context refreshed
[16:59:06:012] [INFO] - springfox.documentation.spring.web.plugins.DocumentationPluginsBootstrapper.start(DocumentationPluginsBootstrapper.java:163) - Found 1 custom documentation plugin(s)
[16:59:06:043] [INFO] - springfox.documentation.spring.web.scanners.ApiListingReferenceScanner.scan(ApiListingReferenceScanner.java:41) - Scanning for api listing references
[16:59:06:343] [INFO] - org.springframework.boot.StartupInfoLogger.logStarted(StartupInfoLogger.java:61) - Started EpidemicManagementApplication in 5.184 seconds (JVM running for 7.286)
[16:59:43:230] [INFO] - org.apache.juli.logging.DirectJDKLog.log(DirectJDKLog.java:173) - Initializing Spring DispatcherServlet 'dispatcherServlet'
[16:59:43:230] [INFO] - org.springframework.web.servlet.FrameworkServlet.initServletBean(FrameworkServlet.java:525) - Initializing Servlet 'dispatcherServlet'
[16:59:43:233] [INFO] - org.springframework.web.servlet.FrameworkServlet.initServletBean(FrameworkServlet.java:547) - Completed initialization in 3 ms
[16:59:43:334] [INFO] - com.yago.epidemic_management.filter.WebLogAspect.doBefore(WebLogAspect.java:42) - URl:/admin/delete
[16:59:43:334] [INFO] - com.yago.epidemic_management.filter.WebLogAspect.doBefore(WebLogAspect.java:43) - HTTP_METHOD:POST
[16:59:43:334] [INFO] - com.yago.epidemic_management.filter.WebLogAspect.doBefore(WebLogAspect.java:44) - IP:127.0.0.1
[16:59:43:337] [INFO] - com.yago.epidemic_management.filter.WebLogAspect.doBefore(WebLogAspect.java:45) - CLASS_METHOD:com.yago.epidemic_management.controller.AdminController.com.yago.epidemic_management.controller.AdminController
[16:59:43:337] [INFO] - com.yago.epidemic_management.filter.WebLogAspect.doBefore(WebLogAspect.java:46) - ARGS:[UserDto(userId=4, username=小化, password=987654321, email=132456@qq.com, mobile=null, status=0, createUserId=123456, createTime=null)]
[16:59:43:479] [INFO] - com.zaxxer.hikari.HikariDataSource.getConnection(HikariDataSource.java:110) - epidemic_situation - Starting...
[16:59:44:134] [INFO] - com.zaxxer.hikari.HikariDataSource.getConnection(HikariDataSource.java:123) - epidemic_situation - Start completed.
[17:00:59:912] [INFO] - com.zaxxer.hikari.HikariDataSource.close(HikariDataSource.java:350) - epidemic_situation - Shutdown initiated...
[17:00:59:919] [INFO] - com.zaxxer.hikari.HikariDataSource.close(HikariDataSource.java:352) - epidemic_situation - Shutdown completed.
[17:12:36:318] [INFO] - org.hibernate.validator.internal.util.Version.<clinit>(Version.java:21) - HV000001: Hibernate Validator 6.0.16.Final
[17:12:36:354] [INFO] - org.springframework.boot.StartupInfoLogger.logStarting(StartupInfoLogger.java:55) - Starting EpidemicManagementApplication using Java 1.8.0_202 on DESKTOP-Q69UUSO with PID 16576 (D:\Users\16975\ideaProjects\epidemic-management\target\classes started by 16975 in D:\Users\16975\ideaProjects\epidemic-management)
[17:12:36:357] [INFO] - org.springframework.boot.SpringApplication.logStartupProfileInfo(SpringApplication.java:640) - No active profile set, falling back to 1 default profile: "default"
[17:12:36:437] [INFO] - org.springframework.boot.logging.DeferredLog.logTo(DeferredLog.java:255) - Devtools property defaults active! Set 'spring.devtools.add-properties' to 'false' to disable
[17:12:36:438] [INFO] - org.springframework.boot.logging.DeferredLog.logTo(DeferredLog.java:255) - For additional web related logging consider setting the 'logging.level.web' property to 'DEBUG'
[17:12:38:327] [INFO] - org.springframework.boot.web.embedded.tomcat.TomcatWebServer.initialize(TomcatWebServer.java:108) - Tomcat initialized with port(s): 8081 (http)
[17:12:38:338] [INFO] - org.apache.juli.logging.DirectJDKLog.log(DirectJDKLog.java:173) - Initializing ProtocolHandler ["http-nio-8081"]
[17:12:38:338] [INFO] - org.apache.juli.logging.DirectJDKLog.log(DirectJDKLog.java:173) - Starting service [Tomcat]
[17:12:38:339] [INFO] - org.apache.juli.logging.DirectJDKLog.log(DirectJDKLog.java:173) - Starting Servlet engine: [Apache Tomcat/9.0.58]
[17:12:38:422] [INFO] - org.apache.juli.logging.DirectJDKLog.log(DirectJDKLog.java:173) - Initializing Spring embedded WebApplicationContext
[17:12:38:422] [INFO] - org.springframework.boot.web.servlet.context.ServletWebServerApplicationContext.prepareWebApplicationContext(ServletWebServerApplicationContext.java:290) - Root WebApplicationContext: initialization completed in 1984 ms
[17:12:39:334] [INFO] - org.springframework.boot.devtools.autoconfigure.OptionalLiveReloadServer.startServer(OptionalLiveReloadServer.java:58) - LiveReload server is running on port 35729
[17:12:39:395] [INFO] - springfox.documentation.spring.web.PropertySourcedRequestMappingHandlerMapping.initHandlerMethods(PropertySourcedRequestMappingHandlerMapping.java:69) - Mapped URL path [/v2/api-docs] onto method [springfox.documentation.swagger2.web.Swagger2Controller#getDocumentation(String, HttpServletRequest)]
[17:12:39:739] [INFO] - org.apache.juli.logging.DirectJDKLog.log(DirectJDKLog.java:173) - Starting ProtocolHandler ["http-nio-8081"]
[17:12:39:756] [INFO] - org.springframework.boot.web.embedded.tomcat.TomcatWebServer.start(TomcatWebServer.java:220) - Tomcat started on port(s): 8081 (http) with context path ''
[17:12:39:757] [INFO] - springfox.documentation.spring.web.plugins.DocumentationPluginsBootstrapper.start(DocumentationPluginsBootstrapper.java:160) - Context refreshed
[17:12:39:774] [INFO] - springfox.documentation.spring.web.plugins.DocumentationPluginsBootstrapper.start(DocumentationPluginsBootstrapper.java:163) - Found 1 custom documentation plugin(s)
[17:12:39:807] [INFO] - springfox.documentation.spring.web.scanners.ApiListingReferenceScanner.scan(ApiListingReferenceScanner.java:41) - Scanning for api listing references
[17:12:40:167] [INFO] - org.springframework.boot.StartupInfoLogger.logStarted(StartupInfoLogger.java:61) - Started EpidemicManagementApplication in 4.248 seconds (JVM running for 5.902)
[17:13:31:933] [INFO] - org.apache.juli.logging.DirectJDKLog.log(DirectJDKLog.java:173) - Initializing Spring DispatcherServlet 'dispatcherServlet'
[17:13:31:933] [INFO] - org.springframework.web.servlet.FrameworkServlet.initServletBean(FrameworkServlet.java:525) - Initializing Servlet 'dispatcherServlet'
[17:13:31:934] [INFO] - org.springframework.web.servlet.FrameworkServlet.initServletBean(FrameworkServlet.java:547) - Completed initialization in 1 ms
[17:13:31:958] [INFO] - com.yago.epidemic_management.filter.WebLogAspect.doBefore(WebLogAspect.java:42) - URl:/admin/delete
[17:13:31:958] [INFO] - com.yago.epidemic_management.filter.WebLogAspect.doBefore(WebLogAspect.java:43) - HTTP_METHOD:POST
[17:13:31:958] [INFO] - com.yago.epidemic_management.filter.WebLogAspect.doBefore(WebLogAspect.java:44) - IP:127.0.0.1
[17:13:31:959] [INFO] - com.yago.epidemic_management.filter.WebLogAspect.doBefore(WebLogAspect.java:45) - CLASS_METHOD:com.yago.epidemic_management.controller.AdminController.com.yago.epidemic_management.controller.AdminController
[17:13:31:959] [INFO] - com.yago.epidemic_management.filter.WebLogAspect.doBefore(WebLogAspect.java:46) - ARGS:[4, 1]
[17:13:31:985] [INFO] - com.zaxxer.hikari.HikariDataSource.getConnection(HikariDataSource.java:110) - epidemic_situation - Starting...
[17:13:32:423] [INFO] - com.zaxxer.hikari.HikariDataSource.getConnection(HikariDataSource.java:123) - epidemic_situation - Start completed.
[17:13:32:529] [INFO] - com.yago.epidemic_management.filter.WebLogAspect.doAfterReturning(WebLogAspect.java:53) - RESPONSE:{"status":10000,"msg":"SUCCESS","data":null}
[17:13:47:839] [INFO] - com.zaxxer.hikari.HikariDataSource.close(HikariDataSource.java:350) - epidemic_situation - Shutdown initiated...
[17:13:47:846] [INFO] - com.zaxxer.hikari.HikariDataSource.close(HikariDataSource.java:352) - epidemic_situation - Shutdown completed.
